System.Reflection.TargetInvocationException: Une exception a été levée par la cible d'un appel. ---> System.Reflection.TargetInvocationException: Une exception a été levée par la cible d'un appel. ---> System.ArgumentNullException: La valeur ne peut pas être null.
Nom du paramètre : first
   à System.Linq.Enumerable.Except[TSource](IEnumerable`1 first, IEnumerable`1 second)
   à FocusTreeManager.Model.FocusGridModel.RefreshFociList() dans D:\Projets\FocusTreeManager\FocusTreeAndEventManager\FocusTreeManager\Model\TabModels\FocusGridModel.cs:ligne 135
   à FocusTreeManager.Model.FocusGridModel..ctor(Guid ID) dans D:\Projets\FocusTreeManager\FocusTreeAndEventManager\FocusTreeManager\Model\TabModels\FocusGridModel.cs:ligne 122
   à FocusTreeManager.ViewModel.MainViewModel.NotificationMessageReceived(NotificationMessage msg) dans D:\Projets\FocusTreeManager\FocusTreeAndEventManager\FocusTreeManager\ViewModel\MainViewModel.cs:ligne 273
   --- Fin de la trace de la pile d'exception interne ---
   à System.RuntimeMethodHandle.InvokeMethod(Object target, Object[] arguments, Signature sig, Boolean constructor)
   à System.Reflection.RuntimeMethodInfo.UnsafeInvokeInternal(Object obj, Object[] parameters, Object[] arguments)
   à System.Reflection.RuntimeMethodInfo.Invoke(Object obj, BindingFlags invokeAttr, Binder binder, Object[] parameters, CultureInfo culture)
   à GalaSoft.MvvmLight.Helpers.WeakAction`1.Execute(T parameter) dans D:\GalaSoft\mydotnet\MVVMLight\source\GalaSoft.MvvmLight\GalaSoft.MvvmLight (PCL)\Helpers\WeakActionGeneric.cs:ligne 200
   à GalaSoft.MvvmLight.Helpers.WeakAction`1.ExecuteWithObject(Object parameter) dans D:\GalaSoft\mydotnet\MVVMLight\source\GalaSoft.MvvmLight\GalaSoft.MvvmLight (PCL)\Helpers\WeakActionGeneric.cs:ligne 232
   à GalaSoft.MvvmLight.Messaging.Messenger.SendToList[TMessage](TMessage message, IEnumerable`1 weakActionsAndTokens, Type messageTargetType, Object token) dans D:\GalaSoft\mydotnet\MVVMLight\source\GalaSoft.MvvmLight\GalaSoft.MvvmLight (PCL)\Messaging\Messenger.cs:ligne 486
   à GalaSoft.MvvmLight.Messaging.Messenger.SendToTargetOrType[TMessage](TMessage message, Type messageTargetType, Object token) dans D:\GalaSoft\mydotnet\MVVMLight\source\GalaSoft.MvvmLight\GalaSoft.MvvmLight (PCL)\Messaging\Messenger.cs:ligne 681
   à GalaSoft.MvvmLight.Messaging.Messenger.Send[TMessage](TMessage message) dans D:\GalaSoft\mydotnet\MVVMLight\source\GalaSoft.MvvmLight\GalaSoft.MvvmLight (PCL)\Messaging\Messenger.cs:ligne 263
   à FocusTreeManager.ViewModel.ProjectViewViewModel.OpenFocusTree(Guid param) dans D:\Projets\FocusTreeManager\FocusTreeAndEventManager\FocusTreeManager\ViewModel\ProjectViewViewModel.cs:ligne 206
   --- Fin de la trace de la pile d'exception interne ---
   à System.RuntimeMethodHandle.InvokeMethod(Object target, Object[] arguments, Signature sig, Boolean constructor)
   à System.Reflection.RuntimeMethodInfo.UnsafeInvokeInternal(Object obj, Object[] parameters, Object[] arguments)
   à System.Reflection.RuntimeMethodInfo.Invoke(Object obj, BindingFlags invokeAttr, Binder binder, Object[] parameters, CultureInfo culture)
   à GalaSoft.MvvmLight.Helpers.WeakAction`1.Execute(T parameter) dans D:\GalaSoft\mydotnet\MVVMLight\source\GalaSoft.MvvmLight\GalaSoft.MvvmLight (PCL)\Helpers\WeakActionGeneric.cs:ligne 200
   à GalaSoft.MvvmLight.Command.RelayCommand`1.Execute(Object parameter) dans D:\GalaSoft\mydotnet\MVVMLight\source\GalaSoft.MvvmLight\GalaSoft.MvvmLight (PCL)\Command\RelayCommandGeneric.cs:ligne 241
   à System.Windows.Input.CommandManager.TranslateInput(IInputElement targetElement, InputEventArgs inputEventArgs)
   à System.Windows.UIElement.OnMouseDownThunk(Object sender, MouseButtonEventArgs e)
   à System.Windows.Input.MouseButtonEventArgs.InvokeEventHandler(Delegate genericHandler, Object genericTarget)
   à System.Windows.RoutedEventArgs.InvokeHandler(Delegate handler, Object target)
   à System.Windows.RoutedEventHandlerInfo.InvokeHandler(Object target, RoutedEventArgs routedEventArgs)
   à System.Windows.EventRoute.InvokeHandlersImpl(Object source, RoutedEventArgs args, Boolean reRaised)
   à System.Windows.UIElement.RaiseEventImpl(DependencyObject sender, RoutedEventArgs args)
   à System.Windows.UIElement.RaiseTrustedEvent(RoutedEventArgs args)
   à System.Windows.UIElement.RaiseEvent(RoutedEventArgs args, Boolean trusted)
   à System.Windows.Input.InputManager.ProcessStagingArea()
   à System.Windows.Input.InputManager.ProcessInput(InputEventArgs input)
   à System.Windows.Input.InputProviderSite.ReportInput(InputReport inputReport)
   à System.Windows.Interop.HwndMouseInputProvider.ReportInput(IntPtr hwnd, InputMode mode, Int32 timestamp, RawMouseActions actions, Int32 x, Int32 y, Int32 wheel)
   à System.Windows.Interop.HwndMouseInputProvider.FilterMessage(IntPtr hwnd, WindowMessage msg, IntPtr wParam, IntPtr lParam, Boolean& handled)
   à System.Windows.Interop.HwndSource.InputFilterMessage(IntPtr hwnd, Int32 msg, IntPtr wParam, IntPtr lParam, Boolean& handled)
   à MS.Win32.HwndWrapper.WndProc(IntPtr hwnd, Int32 msg, IntPtr wParam, IntPtr lParam, Boolean& handled)
   à MS.Win32.HwndSubclass.DispatcherCallbackOperation(Object o)
   à System.Windows.Threading.ExceptionWrapper.InternalRealCall(Delegate callback, Object args, Int32 numArgs)
   à System.Windows.Threading.ExceptionWrapper.TryCatchWhen(Object source, Delegate callback, Object args, Int32 numArgs, Delegate catchHandler)
   à System.Windows.Threading.Dispatcher.LegacyInvokeImpl(DispatcherPriority priority, TimeSpan timeout, Delegate method, Object args, Int32 numArgs)
   à MS.Win32.HwndSubclass.SubclassWndProc(IntPtr hwnd, Int32 msg, IntPtr wParam, IntPtr lParam)
   à MS.Win32.UnsafeNativeMethods.DispatchMessage(MSG& msg)
   à System.Windows.Threading.Dispatcher.PushFrameImpl(DispatcherFrame frame)
   à System.Windows.Threading.Dispatcher.PushFrame(DispatcherFrame frame)
   à System.Windows.Application.RunDispatcher(Object ignore)
   à System.Windows.Application.RunInternal(Window window)
   à System.Windows.Application.Run(Window window)
   à System.Windows.Application.Run()
   à FocusTreeManager.App.Main()
   à System.AppDomain._nExecuteAssembly(RuntimeAssembly assembly, String[] args)
   à System.AppDomain.ExecuteAssembly(String assemblyFile, Evidence assemblySecurity, String[] args)
   à Microsoft.VisualStudio.HostingProcess.HostProc.RunUsersAssembly()
   à System.Threading.ThreadHelper.ThreadStart_Context(Object state)
   à System.Threading.ExecutionContext.RunInternal(ExecutionContext executionContext, ContextCallback callback, Object state, Boolean preserveSyncCtx)
   à System.Threading.ExecutionContext.Run(ExecutionContext executionContext, ContextCallback callback, Object state, Boolean preserveSyncCtx)
   à System.Threading.ExecutionContext.Run(ExecutionContext executionContext, ContextCallback callback, Object state)
   à System.Threading.ThreadHelper.ThreadStart()
System.Reflection.TargetInvocationException: Une exception a été levée par la cible d'un appel. ---> System.Reflection.TargetInvocationException: Une exception a été levée par la cible d'un appel. ---> System.ArgumentNullException: La valeur ne peut pas être null.
Nom du paramètre : second
   à System.Linq.Enumerable.Except[TSource](IEnumerable`1 first, IEnumerable`1 second)
   à FocusTreeManager.Model.FocusGridModel.RefreshFociList() dans D:\Projets\FocusTreeManager\FocusTreeAndEventManager\FocusTreeManager\Model\TabModels\FocusGridModel.cs:ligne 138
   à FocusTreeManager.Model.FocusGridModel..ctor(Guid ID) dans D:\Projets\FocusTreeManager\FocusTreeAndEventManager\FocusTreeManager\Model\TabModels\FocusGridModel.cs:ligne 122
   à FocusTreeManager.ViewModel.MainViewModel.NotificationMessageReceived(NotificationMessage msg) dans D:\Projets\FocusTreeManager\FocusTreeAndEventManager\FocusTreeManager\ViewModel\MainViewModel.cs:ligne 273
   --- Fin de la trace de la pile d'exception interne ---
   à System.RuntimeMethodHandle.InvokeMethod(Object target, Object[] arguments, Signature sig, Boolean constructor)
   à System.Reflection.RuntimeMethodInfo.UnsafeInvokeInternal(Object obj, Object[] parameters, Object[] arguments)
   à System.Reflection.RuntimeMethodInfo.Invoke(Object obj, BindingFlags invokeAttr, Binder binder, Object[] parameters, CultureInfo culture)
   à GalaSoft.MvvmLight.Helpers.WeakAction`1.Execute(T parameter) dans D:\GalaSoft\mydotnet\MVVMLight\source\GalaSoft.MvvmLight\GalaSoft.MvvmLight (PCL)\Helpers\WeakActionGeneric.cs:ligne 200
   à GalaSoft.MvvmLight.Helpers.WeakAction`1.ExecuteWithObject(Object parameter) dans D:\GalaSoft\mydotnet\MVVMLight\source\GalaSoft.MvvmLight\GalaSoft.MvvmLight (PCL)\Helpers\WeakActionGeneric.cs:ligne 232
   à GalaSoft.MvvmLight.Messaging.Messenger.SendToList[TMessage](TMessage message, IEnumerable`1 weakActionsAndTokens, Type messageTargetType, Object token) dans D:\GalaSoft\mydotnet\MVVMLight\source\GalaSoft.MvvmLight\GalaSoft.MvvmLight (PCL)\Messaging\Messenger.cs:ligne 486
   à GalaSoft.MvvmLight.Messaging.Messenger.SendToTargetOrType[TMessage](TMessage message, Type messageTargetType, Object token) dans D:\GalaSoft\mydotnet\MVVMLight\source\GalaSoft.MvvmLight\GalaSoft.MvvmLight (PCL)\Messaging\Messenger.cs:ligne 681
   à GalaSoft.MvvmLight.Messaging.Messenger.Send[TMessage](TMessage message) dans D:\GalaSoft\mydotnet\MVVMLight\source\GalaSoft.MvvmLight\GalaSoft.MvvmLight (PCL)\Messaging\Messenger.cs:ligne 263
   à FocusTreeManager.ViewModel.ProjectViewViewModel.OpenFocusTree(Guid param) dans D:\Projets\FocusTreeManager\FocusTreeAndEventManager\FocusTreeManager\ViewModel\ProjectViewViewModel.cs:ligne 206
   --- Fin de la trace de la pile d'exception interne ---
   à System.RuntimeMethodHandle.InvokeMethod(Object target, Object[] arguments, Signature sig, Boolean constructor)
   à System.Reflection.RuntimeMethodInfo.UnsafeInvokeInternal(Object obj, Object[] parameters, Object[] arguments)
   à System.Reflection.RuntimeMethodInfo.Invoke(Object obj, BindingFlags invokeAttr, Binder binder, Object[] parameters, CultureInfo culture)
   à GalaSoft.MvvmLight.Helpers.WeakAction`1.Execute(T parameter) dans D:\GalaSoft\mydotnet\MVVMLight\source\GalaSoft.MvvmLight\GalaSoft.MvvmLight (PCL)\Helpers\WeakActionGeneric.cs:ligne 200
   à GalaSoft.MvvmLight.Command.RelayCommand`1.Execute(Object parameter) dans D:\GalaSoft\mydotnet\MVVMLight\source\GalaSoft.MvvmLight\GalaSoft.MvvmLight (PCL)\Command\RelayCommandGeneric.cs:ligne 241
   à System.Windows.Input.CommandManager.TranslateInput(IInputElement targetElement, InputEventArgs inputEventArgs)
   à System.Windows.UIElement.OnMouseDownThunk(Object sender, MouseButtonEventArgs e)
   à System.Windows.Input.MouseButtonEventArgs.InvokeEventHandler(Delegate genericHandler, Object genericTarget)
   à System.Windows.RoutedEventArgs.InvokeHandler(Delegate handler, Object target)
   à System.Windows.RoutedEventHandlerInfo.InvokeHandler(Object target, RoutedEventArgs routedEventArgs)
   à System.Windows.EventRoute.InvokeHandlersImpl(Object source, RoutedEventArgs args, Boolean reRaised)
   à System.Windows.UIElement.RaiseEventImpl(DependencyObject sender, RoutedEventArgs args)
   à System.Windows.UIElement.RaiseTrustedEvent(RoutedEventArgs args)
   à System.Windows.UIElement.RaiseEvent(RoutedEventArgs args, Boolean trusted)
   à System.Windows.Input.InputManager.ProcessStagingArea()
   à System.Windows.Input.InputManager.ProcessInput(InputEventArgs input)
   à System.Windows.Input.InputProviderSite.ReportInput(InputReport inputReport)
   à System.Windows.Interop.HwndMouseInputProvider.ReportInput(IntPtr hwnd, InputMode mode, Int32 timestamp, RawMouseActions actions, Int32 x, Int32 y, Int32 wheel)
   à System.Windows.Interop.HwndMouseInputProvider.FilterMessage(IntPtr hwnd, WindowMessage msg, IntPtr wParam, IntPtr lParam, Boolean& handled)
   à System.Windows.Interop.HwndSource.InputFilterMessage(IntPtr hwnd, Int32 msg, IntPtr wParam, IntPtr lParam, Boolean& handled)
   à MS.Win32.HwndWrapper.WndProc(IntPtr hwnd, Int32 msg, IntPtr wParam, IntPtr lParam, Boolean& handled)
   à MS.Win32.HwndSubclass.DispatcherCallbackOperation(Object o)
   à System.Windows.Threading.ExceptionWrapper.InternalRealCall(Delegate callback, Object args, Int32 numArgs)
   à System.Windows.Threading.ExceptionWrapper.TryCatchWhen(Object source, Delegate callback, Object args, Int32 numArgs, Delegate catchHandler)
   à System.Windows.Threading.Dispatcher.LegacyInvokeImpl(DispatcherPriority priority, TimeSpan timeout, Delegate method, Object args, Int32 numArgs)
   à MS.Win32.HwndSubclass.SubclassWndProc(IntPtr hwnd, Int32 msg, IntPtr wParam, IntPtr lParam)
   à MS.Win32.UnsafeNativeMethods.DispatchMessage(MSG& msg)
   à System.Windows.Threading.Dispatcher.PushFrameImpl(DispatcherFrame frame)
   à System.Windows.Threading.Dispatcher.PushFrame(DispatcherFrame frame)
   à System.Windows.Application.RunDispatcher(Object ignore)
   à System.Windows.Application.RunInternal(Window window)
   à System.Windows.Application.Run(Window window)
   à System.Windows.Application.Run()
   à FocusTreeManager.App.Main()
   à System.AppDomain._nExecuteAssembly(RuntimeAssembly assembly, String[] args)
   à System.AppDomain.ExecuteAssembly(String assemblyFile, Evidence assemblySecurity, String[] args)
   à Microsoft.VisualStudio.HostingProcess.HostProc.RunUsersAssembly()
   à System.Threading.ThreadHelper.ThreadStart_Context(Object state)
   à System.Threading.ExecutionContext.RunInternal(ExecutionContext executionContext, ContextCallback callback, Object state, Boolean preserveSyncCtx)
   à System.Threading.ExecutionContext.Run(ExecutionContext executionContext, ContextCallback callback, Object state, Boolean preserveSyncCtx)
   à System.Threading.ExecutionContext.Run(ExecutionContext executionContext, ContextCallback callback, Object state)
   à System.Threading.ThreadHelper.ThreadStart()
System.Reflection.TargetInvocationException: Une exception a été levée par la cible d'un appel. ---> System.InvalidOperationException: La séquence contient plusieurs éléments correspondants.
   à System.Linq.Enumerable.SingleOrDefault[TSource](IEnumerable`1 source, Func`2 predicate)
   à FocusTreeManager.ViewModel.ProjectViewViewModel.OpenFocusTree(Guid param) dans D:\Projets\FocusTreeManager\FocusTreeAndEventManager\FocusTreeManager\ViewModel\ProjectViewViewModel.cs:ligne 205
   --- Fin de la trace de la pile d'exception interne ---
   à System.RuntimeMethodHandle.InvokeMethod(Object target, Object[] arguments, Signature sig, Boolean constructor)
   à System.Reflection.RuntimeMethodInfo.UnsafeInvokeInternal(Object obj, Object[] parameters, Object[] arguments)
   à System.Reflection.RuntimeMethodInfo.Invoke(Object obj, BindingFlags invokeAttr, Binder binder, Object[] parameters, CultureInfo culture)
   à GalaSoft.MvvmLight.Helpers.WeakAction`1.Execute(T parameter) dans D:\GalaSoft\mydotnet\MVVMLight\source\GalaSoft.MvvmLight\GalaSoft.MvvmLight (PCL)\Helpers\WeakActionGeneric.cs:ligne 200
   à GalaSoft.MvvmLight.Command.RelayCommand`1.Execute(Object parameter) dans D:\GalaSoft\mydotnet\MVVMLight\source\GalaSoft.MvvmLight\GalaSoft.MvvmLight (PCL)\Command\RelayCommandGeneric.cs:ligne 241
   à System.Windows.Input.CommandManager.TranslateInput(IInputElement targetElement, InputEventArgs inputEventArgs)
   à System.Windows.UIElement.OnMouseDownThunk(Object sender, MouseButtonEventArgs e)
   à System.Windows.Input.MouseButtonEventArgs.InvokeEventHandler(Delegate genericHandler, Object genericTarget)
   à System.Windows.RoutedEventArgs.InvokeHandler(Delegate handler, Object target)
   à System.Windows.RoutedEventHandlerInfo.InvokeHandler(Object target, RoutedEventArgs routedEventArgs)
   à System.Windows.EventRoute.InvokeHandlersImpl(Object source, RoutedEventArgs args, Boolean reRaised)
   à System.Windows.UIElement.RaiseEventImpl(DependencyObject sender, RoutedEventArgs args)
   à System.Windows.UIElement.RaiseTrustedEvent(RoutedEventArgs args)
   à System.Windows.UIElement.RaiseEvent(RoutedEventArgs args, Boolean trusted)
   à System.Windows.Input.InputManager.ProcessStagingArea()
   à System.Windows.Input.InputManager.ProcessInput(InputEventArgs input)
   à System.Windows.Input.InputProviderSite.ReportInput(InputReport inputReport)
   à System.Windows.Interop.HwndMouseInputProvider.ReportInput(IntPtr hwnd, InputMode mode, Int32 timestamp, RawMouseActions actions, Int32 x, Int32 y, Int32 wheel)
   à System.Windows.Interop.HwndMouseInputProvider.FilterMessage(IntPtr hwnd, WindowMessage msg, IntPtr wParam, IntPtr lParam, Boolean& handled)
   à System.Windows.Interop.HwndSource.InputFilterMessage(IntPtr hwnd, Int32 msg, IntPtr wParam, IntPtr lParam, Boolean& handled)
   à MS.Win32.HwndWrapper.WndProc(IntPtr hwnd, Int32 msg, IntPtr wParam, IntPtr lParam, Boolean& handled)
   à MS.Win32.HwndSubclass.DispatcherCallbackOperation(Object o)
   à System.Windows.Threading.ExceptionWrapper.InternalRealCall(Delegate callback, Object args, Int32 numArgs)
   à System.Windows.Threading.ExceptionWrapper.TryCatchWhen(Object source, Delegate callback, Object args, Int32 numArgs, Delegate catchHandler)
   à System.Windows.Threading.Dispatcher.LegacyInvokeImpl(DispatcherPriority priority, TimeSpan timeout, Delegate method, Object args, Int32 numArgs)
   à MS.Win32.HwndSubclass.SubclassWndProc(IntPtr hwnd, Int32 msg, IntPtr wParam, IntPtr lParam)
   à MS.Win32.UnsafeNativeMethods.DispatchMessage(MSG& msg)
   à System.Windows.Threading.Dispatcher.PushFrameImpl(DispatcherFrame frame)
   à System.Windows.Threading.Dispatcher.PushFrame(DispatcherFrame frame)
   à System.Windows.Application.RunDispatcher(Object ignore)
   à System.Windows.Application.RunInternal(Window window)
   à System.Windows.Application.Run(Window window)
   à System.Windows.Application.Run()
   à FocusTreeManager.App.Main()
   à System.AppDomain._nExecuteAssembly(RuntimeAssembly assembly, String[] args)
   à System.AppDomain.ExecuteAssembly(String assemblyFile, Evidence assemblySecurity, String[] args)
   à Microsoft.VisualStudio.HostingProcess.HostProc.RunUsersAssembly()
   à System.Threading.ThreadHelper.ThreadStart_Context(Object state)
   à System.Threading.ExecutionContext.RunInternal(ExecutionContext executionContext, ContextCallback callback, Object state, Boolean preserveSyncCtx)
   à System.Threading.ExecutionContext.Run(ExecutionContext executionContext, ContextCallback callback, Object state, Boolean preserveSyncCtx)
   à System.Threading.ExecutionContext.Run(ExecutionContext executionContext, ContextCallback callback, Object state)
   à System.Threading.ThreadHelper.ThreadStart()
System.NullReferenceException: La référence d'objet n'est pas définie à une instance d'un objet.
   à FocusTreeManager.Views.Focus.DetectPositionPoints() dans D:\Projets\FocusTreeManager\FocusTreeAndEventManager\FocusTreeManager\Views\UserControls\Focus.xaml.cs:ligne 83
   à FocusTreeManager.Views.FocusGrid.setupInternalFoci() dans D:\Projets\FocusTreeManager\FocusTreeAndEventManager\FocusTreeManager\Views\UserControls\FocusGrid.xaml.cs:ligne 60
   à FocusTreeManager.Views.FocusGrid.UserControl_Loaded(Object sender, RoutedEventArgs e) dans D:\Projets\FocusTreeManager\FocusTreeAndEventManager\FocusTreeManager\Views\UserControls\FocusGrid.xaml.cs:ligne 52
   à System.Windows.RoutedEventHandlerInfo.InvokeHandler(Object target, RoutedEventArgs routedEventArgs)
   à System.Windows.EventRoute.InvokeHandlersImpl(Object source, RoutedEventArgs args, Boolean reRaised)
   à System.Windows.UIElement.RaiseEventImpl(DependencyObject sender, RoutedEventArgs args)
   à System.Windows.UIElement.RaiseEvent(RoutedEventArgs e)
   à System.Windows.BroadcastEventHelper.BroadcastEvent(DependencyObject root, RoutedEvent routedEvent)
   à System.Windows.BroadcastEventHelper.BroadcastLoadedEvent(Object root)
   à MS.Internal.LoadedOrUnloadedOperation.DoWork()
   à System.Windows.Media.MediaContext.FireLoadedPendingCallbacks()
   à System.Windows.Media.MediaContext.FireInvokeOnRenderCallbacks()
   à System.Windows.Media.MediaContext.RenderMessageHandlerCore(Object resizedCompositionTarget)
   à System.Windows.Media.MediaContext.RenderMessageHandler(Object resizedCompositionTarget)
   à System.Windows.Threading.ExceptionWrapper.InternalRealCall(Delegate callback, Object args, Int32 numArgs)
   à System.Windows.Threading.ExceptionWrapper.TryCatchWhen(Object source, Delegate callback, Object args, Int32 numArgs, Delegate catchHandler)
   à System.Windows.Threading.DispatcherOperation.InvokeImpl()
   à System.Windows.Threading.DispatcherOperation.InvokeInSecurityContext(Object state)
   à System.Threading.ExecutionContext.RunInternal(ExecutionContext executionContext, ContextCallback callback, Object state, Boolean preserveSyncCtx)
   à System.Threading.ExecutionContext.Run(ExecutionContext executionContext, ContextCallback callback, Object state, Boolean preserveSyncCtx)
   à System.Threading.ExecutionContext.Run(ExecutionContext executionContext, ContextCallback callback, Object state)
   à MS.Internal.CulturePreservingExecutionContext.Run(CulturePreservingExecutionContext executionContext, ContextCallback callback, Object state)
   à System.Windows.Threading.DispatcherOperation.Invoke()
   à System.Windows.Threading.Dispatcher.ProcessQueue()
   à System.Windows.Threading.Dispatcher.WndProcHook(IntPtr hwnd, Int32 msg, IntPtr wParam, IntPtr lParam, Boolean& handled)
   à MS.Win32.HwndWrapper.WndProc(IntPtr hwnd, Int32 msg, IntPtr wParam, IntPtr lParam, Boolean& handled)
   à MS.Win32.HwndSubclass.DispatcherCallbackOperation(Object o)
   à System.Windows.Threading.ExceptionWrapper.InternalRealCall(Delegate callback, Object args, Int32 numArgs)
   à System.Windows.Threading.ExceptionWrapper.TryCatchWhen(Object source, Delegate callback, Object args, Int32 numArgs, Delegate catchHandler)
   à System.Windows.Threading.Dispatcher.LegacyInvokeImpl(DispatcherPriority priority, TimeSpan timeout, Delegate method, Object args, Int32 numArgs)
   à MS.Win32.HwndSubclass.SubclassWndProc(IntPtr hwnd, Int32 msg, IntPtr wParam, IntPtr lParam)
   à MS.Win32.UnsafeNativeMethods.DispatchMessage(MSG& msg)
   à System.Windows.Threading.Dispatcher.PushFrameImpl(DispatcherFrame frame)
   à System.Windows.Threading.Dispatcher.PushFrame(DispatcherFrame frame)
   à System.Windows.Application.RunDispatcher(Object ignore)
   à System.Windows.Application.RunInternal(Window window)
   à System.Windows.Application.Run(Window window)
   à System.Windows.Application.Run()
   à FocusTreeManager.App.Main()
   à System.AppDomain._nExecuteAssembly(RuntimeAssembly assembly, String[] args)
   à System.AppDomain.ExecuteAssembly(String assemblyFile, Evidence assemblySecurity, String[] args)
   à Microsoft.VisualStudio.HostingProcess.HostProc.RunUsersAssembly()
   à System.Threading.ThreadHelper.ThreadStart_Context(Object state)
   à System.Threading.ExecutionContext.RunInternal(ExecutionContext executionContext, ContextCallback callback, Object state, Boolean preserveSyncCtx)
   à System.Threading.ExecutionContext.Run(ExecutionContext executionContext, ContextCallback callback, Object state, Boolean preserveSyncCtx)
   à System.Threading.ExecutionContext.Run(ExecutionContext executionContext, ContextCallback callback, Object state)
   à System.Threading.ThreadHelper.ThreadStart()
System.NullReferenceException: La référence d'objet n'est pas définie à une instance d'un objet.
   à FocusTreeManager.Views.Focus.DetectPositionPoints() dans D:\Projets\FocusTreeManager\FocusTreeAndEventManager\FocusTreeManager\Views\UserControls\Focus.xaml.cs:ligne 83
   à FocusTreeManager.Views.FocusGrid.setupInternalFoci() dans D:\Projets\FocusTreeManager\FocusTreeAndEventManager\FocusTreeManager\Views\UserControls\FocusGrid.xaml.cs:ligne 60
   à FocusTreeManager.Views.FocusGrid.UserControl_Loaded(Object sender, RoutedEventArgs e) dans D:\Projets\FocusTreeManager\FocusTreeAndEventManager\FocusTreeManager\Views\UserControls\FocusGrid.xaml.cs:ligne 52
   à System.Windows.RoutedEventHandlerInfo.InvokeHandler(Object target, RoutedEventArgs routedEventArgs)
   à System.Windows.EventRoute.InvokeHandlersImpl(Object source, RoutedEventArgs args, Boolean reRaised)
   à System.Windows.UIElement.RaiseEventImpl(DependencyObject sender, RoutedEventArgs args)
   à System.Windows.UIElement.RaiseEvent(RoutedEventArgs e)
   à System.Windows.BroadcastEventHelper.BroadcastEvent(DependencyObject root, RoutedEvent routedEvent)
   à System.Windows.BroadcastEventHelper.BroadcastLoadedEvent(Object root)
   à MS.Internal.LoadedOrUnloadedOperation.DoWork()
   à System.Windows.Media.MediaContext.FireLoadedPendingCallbacks()
   à System.Windows.Media.MediaContext.FireInvokeOnRenderCallbacks()
   à System.Windows.Media.MediaContext.RenderMessageHandlerCore(Object resizedCompositionTarget)
   à System.Windows.Media.MediaContext.RenderMessageHandler(Object resizedCompositionTarget)
   à System.Windows.Threading.ExceptionWrapper.InternalRealCall(Delegate callback, Object args, Int32 numArgs)
   à System.Windows.Threading.ExceptionWrapper.TryCatchWhen(Object source, Delegate callback, Object args, Int32 numArgs, Delegate catchHandler)
   à System.Windows.Threading.DispatcherOperation.InvokeImpl()
   à System.Windows.Threading.DispatcherOperation.InvokeInSecurityContext(Object state)
   à System.Threading.ExecutionContext.RunInternal(ExecutionContext executionContext, ContextCallback callback, Object state, Boolean preserveSyncCtx)
   à System.Threading.ExecutionContext.Run(ExecutionContext executionContext, ContextCallback callback, Object state, Boolean preserveSyncCtx)
   à System.Threading.ExecutionContext.Run(ExecutionContext executionContext, ContextCallback callback, Object state)
   à MS.Internal.CulturePreservingExecutionContext.Run(CulturePreservingExecutionContext executionContext, ContextCallback callback, Object state)
   à System.Windows.Threading.DispatcherOperation.Invoke()
   à System.Windows.Threading.Dispatcher.ProcessQueue()
   à System.Windows.Threading.Dispatcher.WndProcHook(IntPtr hwnd, Int32 msg, IntPtr wParam, IntPtr lParam, Boolean& handled)
   à MS.Win32.HwndWrapper.WndProc(IntPtr hwnd, Int32 msg, IntPtr wParam, IntPtr lParam, Boolean& handled)
   à MS.Win32.HwndSubclass.DispatcherCallbackOperation(Object o)
   à System.Windows.Threading.ExceptionWrapper.InternalRealCall(Delegate callback, Object args, Int32 numArgs)
   à System.Windows.Threading.ExceptionWrapper.TryCatchWhen(Object source, Delegate callback, Object args, Int32 numArgs, Delegate catchHandler)
   à System.Windows.Threading.Dispatcher.LegacyInvokeImpl(DispatcherPriority priority, TimeSpan timeout, Delegate method, Object args, Int32 numArgs)
   à MS.Win32.HwndSubclass.SubclassWndProc(IntPtr hwnd, Int32 msg, IntPtr wParam, IntPtr lParam)
   à MS.Win32.UnsafeNativeMethods.DispatchMessage(MSG& msg)
   à System.Windows.Threading.Dispatcher.PushFrameImpl(DispatcherFrame frame)
   à System.Windows.Threading.Dispatcher.PushFrame(DispatcherFrame frame)
   à System.Windows.Application.RunDispatcher(Object ignore)
   à System.Windows.Application.RunInternal(Window window)
   à System.Windows.Application.Run(Window window)
   à System.Windows.Application.Run()
   à FocusTreeManager.App.Main()
   à System.AppDomain._nExecuteAssembly(RuntimeAssembly assembly, String[] args)
   à System.AppDomain.ExecuteAssembly(String assemblyFile, Evidence assemblySecurity, String[] args)
   à Microsoft.VisualStudio.HostingProcess.HostProc.RunUsersAssembly()
   à System.Threading.ThreadHelper.ThreadStart_Context(Object state)
   à System.Threading.ExecutionContext.RunInternal(ExecutionContext executionContext, ContextCallback callback, Object state, Boolean preserveSyncCtx)
   à System.Threading.ExecutionContext.Run(ExecutionContext executionContext, ContextCallback callback, Object state, Boolean preserveSyncCtx)
   à System.Threading.ExecutionContext.Run(ExecutionContext executionContext, ContextCallback callback, Object state)
   à System.Threading.ThreadHelper.ThreadStart()
System.NullReferenceException: La référence d'objet n'est pas définie à une instance d'un objet.
   à FocusTreeManager.Views.Focus.DetectPositionPoints() dans D:\Projets\FocusTreeManager\FocusTreeAndEventManager\FocusTreeManager\Views\UserControls\Focus.xaml.cs:ligne 83
   à FocusTreeManager.Views.FocusGrid.setupInternalFoci() dans D:\Projets\FocusTreeManager\FocusTreeAndEventManager\FocusTreeManager\Views\UserControls\FocusGrid.xaml.cs:ligne 60
   à FocusTreeManager.Views.FocusGrid.UserControl_Loaded(Object sender, RoutedEventArgs e) dans D:\Projets\FocusTreeManager\FocusTreeAndEventManager\FocusTreeManager\Views\UserControls\FocusGrid.xaml.cs:ligne 52
   à System.Windows.RoutedEventHandlerInfo.InvokeHandler(Object target, RoutedEventArgs routedEventArgs)
   à System.Windows.EventRoute.InvokeHandlersImpl(Object source, RoutedEventArgs args, Boolean reRaised)
   à System.Windows.UIElement.RaiseEventImpl(DependencyObject sender, RoutedEventArgs args)
   à System.Windows.UIElement.RaiseEvent(RoutedEventArgs e)
   à System.Windows.BroadcastEventHelper.BroadcastEvent(DependencyObject root, RoutedEvent routedEvent)
   à System.Windows.BroadcastEventHelper.BroadcastLoadedEvent(Object root)
   à MS.Internal.LoadedOrUnloadedOperation.DoWork()
   à System.Windows.Media.MediaContext.FireLoadedPendingCallbacks()
   à System.Windows.Media.MediaContext.FireInvokeOnRenderCallbacks()
   à System.Windows.Media.MediaContext.RenderMessageHandlerCore(Object resizedCompositionTarget)
   à System.Windows.Media.MediaContext.RenderMessageHandler(Object resizedCompositionTarget)
   à System.Windows.Threading.ExceptionWrapper.InternalRealCall(Delegate callback, Object args, Int32 numArgs)
   à System.Windows.Threading.ExceptionWrapper.TryCatchWhen(Object source, Delegate callback, Object args, Int32 numArgs, Delegate catchHandler)
   à System.Windows.Threading.DispatcherOperation.InvokeImpl()
   à System.Windows.Threading.DispatcherOperation.InvokeInSecurityContext(Object state)
   à System.Threading.ExecutionContext.RunInternal(ExecutionContext executionContext, ContextCallback callback, Object state, Boolean preserveSyncCtx)
   à System.Threading.ExecutionContext.Run(ExecutionContext executionContext, ContextCallback callback, Object state, Boolean preserveSyncCtx)
   à System.Threading.ExecutionContext.Run(ExecutionContext executionContext, ContextCallback callback, Object state)
   à MS.Internal.CulturePreservingExecutionContext.Run(CulturePreservingExecutionContext executionContext, ContextCallback callback, Object state)
   à System.Windows.Threading.DispatcherOperation.Invoke()
   à System.Windows.Threading.Dispatcher.ProcessQueue()
   à System.Windows.Threading.Dispatcher.WndProcHook(IntPtr hwnd, Int32 msg, IntPtr wParam, IntPtr lParam, Boolean& handled)
   à MS.Win32.HwndWrapper.WndProc(IntPtr hwnd, Int32 msg, IntPtr wParam, IntPtr lParam, Boolean& handled)
   à MS.Win32.HwndSubclass.DispatcherCallbackOperation(Object o)
   à System.Windows.Threading.ExceptionWrapper.InternalRealCall(Delegate callback, Object args, Int32 numArgs)
   à System.Windows.Threading.ExceptionWrapper.TryCatchWhen(Object source, Delegate callback, Object args, Int32 numArgs, Delegate catchHandler)
   à System.Windows.Threading.Dispatcher.LegacyInvokeImpl(DispatcherPriority priority, TimeSpan timeout, Delegate method, Object args, Int32 numArgs)
   à MS.Win32.HwndSubclass.SubclassWndProc(IntPtr hwnd, Int32 msg, IntPtr wParam, IntPtr lParam)
   à MS.Win32.UnsafeNativeMethods.DispatchMessage(MSG& msg)
   à System.Windows.Threading.Dispatcher.PushFrameImpl(DispatcherFrame frame)
   à System.Windows.Threading.Dispatcher.PushFrame(DispatcherFrame frame)
   à System.Windows.Application.RunDispatcher(Object ignore)
   à System.Windows.Application.RunInternal(Window window)
   à System.Windows.Application.Run(Window window)
   à System.Windows.Application.Run()
   à FocusTreeManager.App.Main()
   à System.AppDomain._nExecuteAssembly(RuntimeAssembly assembly, String[] args)
   à System.AppDomain.ExecuteAssembly(String assemblyFile, Evidence assemblySecurity, String[] args)
   à Microsoft.VisualStudio.HostingProcess.HostProc.RunUsersAssembly()
   à System.Threading.ThreadHelper.ThreadStart_Context(Object state)
   à System.Threading.ExecutionContext.RunInternal(ExecutionContext executionContext, ContextCallback callback, Object state, Boolean preserveSyncCtx)
   à System.Threading.ExecutionContext.Run(ExecutionContext executionContext, ContextCallback callback, Object state, Boolean preserveSyncCtx)
   à System.Threading.ExecutionContext.Run(ExecutionContext executionContext, ContextCallback callback, Object state)
   à System.Threading.ThreadHelper.ThreadStart()
System.NullReferenceException: La référence d'objet n'est pas définie à une instance d'un objet.
   à FocusTreeManager.Views.Focus.DetectPositionPoints() dans D:\Projets\FocusTreeManager\FocusTreeAndEventManager\FocusTreeManager\Views\UserControls\Focus.xaml.cs:ligne 83
   à FocusTreeManager.Views.FocusGrid.setupInternalFoci() dans D:\Projets\FocusTreeManager\FocusTreeAndEventManager\FocusTreeManager\Views\UserControls\FocusGrid.xaml.cs:ligne 60
   à FocusTreeManager.Views.FocusGrid.UserControl_Loaded(Object sender, RoutedEventArgs e) dans D:\Projets\FocusTreeManager\FocusTreeAndEventManager\FocusTreeManager\Views\UserControls\FocusGrid.xaml.cs:ligne 52
   à System.Windows.RoutedEventHandlerInfo.InvokeHandler(Object target, RoutedEventArgs routedEventArgs)
   à System.Windows.EventRoute.InvokeHandlersImpl(Object source, RoutedEventArgs args, Boolean reRaised)
   à System.Windows.UIElement.RaiseEventImpl(DependencyObject sender, RoutedEventArgs args)
   à System.Windows.UIElement.RaiseEvent(RoutedEventArgs e)
   à System.Windows.BroadcastEventHelper.BroadcastEvent(DependencyObject root, RoutedEvent routedEvent)
   à System.Windows.BroadcastEventHelper.BroadcastLoadedEvent(Object root)
   à MS.Internal.LoadedOrUnloadedOperation.DoWork()
   à System.Windows.Media.MediaContext.FireLoadedPendingCallbacks()
   à System.Windows.Media.MediaContext.FireInvokeOnRenderCallbacks()
   à System.Windows.Media.MediaContext.RenderMessageHandlerCore(Object resizedCompositionTarget)
   à System.Windows.Media.MediaContext.RenderMessageHandler(Object resizedCompositionTarget)
   à System.Windows.Threading.ExceptionWrapper.InternalRealCall(Delegate callback, Object args, Int32 numArgs)
   à System.Windows.Threading.ExceptionWrapper.TryCatchWhen(Object source, Delegate callback, Object args, Int32 numArgs, Delegate catchHandler)
   à System.Windows.Threading.DispatcherOperation.InvokeImpl()
   à System.Windows.Threading.DispatcherOperation.InvokeInSecurityContext(Object state)
   à System.Threading.ExecutionContext.RunInternal(ExecutionContext executionContext, ContextCallback callback, Object state, Boolean preserveSyncCtx)
   à System.Threading.ExecutionContext.Run(ExecutionContext executionContext, ContextCallback callback, Object state, Boolean preserveSyncCtx)
   à System.Threading.ExecutionContext.Run(ExecutionContext executionContext, ContextCallback callback, Object state)
   à MS.Internal.CulturePreservingExecutionContext.Run(CulturePreservingExecutionContext executionContext, ContextCallback callback, Object state)
   à System.Windows.Threading.DispatcherOperation.Invoke()
   à System.Windows.Threading.Dispatcher.ProcessQueue()
   à System.Windows.Threading.Dispatcher.WndProcHook(IntPtr hwnd, Int32 msg, IntPtr wParam, IntPtr lParam, Boolean& handled)
   à MS.Win32.HwndWrapper.WndProc(IntPtr hwnd, Int32 msg, IntPtr wParam, IntPtr lParam, Boolean& handled)
   à MS.Win32.HwndSubclass.DispatcherCallbackOperation(Object o)
   à System.Windows.Threading.ExceptionWrapper.InternalRealCall(Delegate callback, Object args, Int32 numArgs)
   à System.Windows.Threading.ExceptionWrapper.TryCatchWhen(Object source, Delegate callback, Object args, Int32 numArgs, Delegate catchHandler)
   à System.Windows.Threading.Dispatcher.LegacyInvokeImpl(DispatcherPriority priority, TimeSpan timeout, Delegate method, Object args, Int32 numArgs)
   à MS.Win32.HwndSubclass.SubclassWndProc(IntPtr hwnd, Int32 msg, IntPtr wParam, IntPtr lParam)
   à MS.Win32.UnsafeNativeMethods.DispatchMessage(MSG& msg)
   à System.Windows.Threading.Dispatcher.PushFrameImpl(DispatcherFrame frame)
   à System.Windows.Threading.Dispatcher.PushFrame(DispatcherFrame frame)
   à System.Windows.Application.RunDispatcher(Object ignore)
   à System.Windows.Application.RunInternal(Window window)
   à System.Windows.Application.Run(Window window)
   à System.Windows.Application.Run()
   à FocusTreeManager.App.Main()
   à System.AppDomain._nExecuteAssembly(RuntimeAssembly assembly, String[] args)
   à System.AppDomain.ExecuteAssembly(String assemblyFile, Evidence assemblySecurity, String[] args)
   à Microsoft.VisualStudio.HostingProcess.HostProc.RunUsersAssembly()
   à System.Threading.ThreadHelper.ThreadStart_Context(Object state)
   à System.Threading.ExecutionContext.RunInternal(ExecutionContext executionContext, ContextCallback callback, Object state, Boolean preserveSyncCtx)
   à System.Threading.ExecutionContext.Run(ExecutionContext executionContext, ContextCallback callback, Object state, Boolean preserveSyncCtx)
   à System.Threading.ExecutionContext.Run(ExecutionContext executionContext, ContextCallback callback, Object state)
   à System.Threading.ThreadHelper.ThreadStart()
System.NullReferenceException: La référence d'objet n'est pas définie à une instance d'un objet.
   à FocusTreeManager.Views.Focus.DetectPositionPoints() dans D:\Projets\FocusTreeManager\FocusTreeAndEventManager\FocusTreeManager\Views\UserControls\Focus.xaml.cs:ligne 83
   à FocusTreeManager.Views.FocusGrid.setupInternalFoci() dans D:\Projets\FocusTreeManager\FocusTreeAndEventManager\FocusTreeManager\Views\UserControls\FocusGrid.xaml.cs:ligne 60
   à FocusTreeManager.Views.FocusGrid.UserControl_Loaded(Object sender, RoutedEventArgs e) dans D:\Projets\FocusTreeManager\FocusTreeAndEventManager\FocusTreeManager\Views\UserControls\FocusGrid.xaml.cs:ligne 52
   à System.Windows.RoutedEventHandlerInfo.InvokeHandler(Object target, RoutedEventArgs routedEventArgs)
   à System.Windows.EventRoute.InvokeHandlersImpl(Object source, RoutedEventArgs args, Boolean reRaised)
   à System.Windows.UIElement.RaiseEventImpl(DependencyObject sender, RoutedEventArgs args)
   à System.Windows.UIElement.RaiseEvent(RoutedEventArgs e)
   à System.Windows.BroadcastEventHelper.BroadcastEvent(DependencyObject root, RoutedEvent routedEvent)
   à System.Windows.BroadcastEventHelper.BroadcastLoadedEvent(Object root)
   à MS.Internal.LoadedOrUnloadedOperation.DoWork()
   à System.Windows.Media.MediaContext.FireLoadedPendingCallbacks()
   à System.Windows.Media.MediaContext.FireInvokeOnRenderCallbacks()
   à System.Windows.Media.MediaContext.RenderMessageHandlerCore(Object resizedCompositionTarget)
   à System.Windows.Media.MediaContext.RenderMessageHandler(Object resizedCompositionTarget)
   à System.Windows.Threading.ExceptionWrapper.InternalRealCall(Delegate callback, Object args, Int32 numArgs)
   à System.Windows.Threading.ExceptionWrapper.TryCatchWhen(Object source, Delegate callback, Object args, Int32 numArgs, Delegate catchHandler)
   à System.Windows.Threading.DispatcherOperation.InvokeImpl()
   à System.Windows.Threading.DispatcherOperation.InvokeInSecurityContext(Object state)
   à System.Threading.ExecutionContext.RunInternal(ExecutionContext executionContext, ContextCallback callback, Object state, Boolean preserveSyncCtx)
   à System.Threading.ExecutionContext.Run(ExecutionContext executionContext, ContextCallback callback, Object state, Boolean preserveSyncCtx)
   à System.Threading.ExecutionContext.Run(ExecutionContext executionContext, ContextCallback callback, Object state)
   à MS.Internal.CulturePreservingExecutionContext.Run(CulturePreservingExecutionContext executionContext, ContextCallback callback, Object state)
   à System.Windows.Threading.DispatcherOperation.Invoke()
   à System.Windows.Threading.Dispatcher.ProcessQueue()
   à System.Windows.Threading.Dispatcher.WndProcHook(IntPtr hwnd, Int32 msg, IntPtr wParam, IntPtr lParam, Boolean& handled)
   à MS.Win32.HwndWrapper.WndProc(IntPtr hwnd, Int32 msg, IntPtr wParam, IntPtr lParam, Boolean& handled)
   à MS.Win32.HwndSubclass.DispatcherCallbackOperation(Object o)
   à System.Windows.Threading.ExceptionWrapper.InternalRealCall(Delegate callback, Object args, Int32 numArgs)
   à System.Windows.Threading.ExceptionWrapper.TryCatchWhen(Object source, Delegate callback, Object args, Int32 numArgs, Delegate catchHandler)
   à System.Windows.Threading.Dispatcher.LegacyInvokeImpl(DispatcherPriority priority, TimeSpan timeout, Delegate method, Object args, Int32 numArgs)
   à MS.Win32.HwndSubclass.SubclassWndProc(IntPtr hwnd, Int32 msg, IntPtr wParam, IntPtr lParam)
   à MS.Win32.UnsafeNativeMethods.DispatchMessage(MSG& msg)
   à System.Windows.Threading.Dispatcher.PushFrameImpl(DispatcherFrame frame)
   à System.Windows.Threading.Dispatcher.PushFrame(DispatcherFrame frame)
   à System.Windows.Application.RunDispatcher(Object ignore)
   à System.Windows.Application.RunInternal(Window window)
   à System.Windows.Application.Run(Window window)
   à System.Windows.Application.Run()
   à FocusTreeManager.App.Main()
   à System.AppDomain._nExecuteAssembly(RuntimeAssembly assembly, String[] args)
   à System.AppDomain.ExecuteAssembly(String assemblyFile, Evidence assemblySecurity, String[] args)
   à Microsoft.VisualStudio.HostingProcess.HostProc.RunUsersAssembly()
   à System.Threading.ThreadHelper.ThreadStart_Context(Object state)
   à System.Threading.ExecutionContext.RunInternal(ExecutionContext executionContext, ContextCallback callback, Object state, Boolean preserveSyncCtx)
   à System.Threading.ExecutionContext.Run(ExecutionContext executionContext, ContextCallback callback, Object state, Boolean preserveSyncCtx)
   à System.Threading.ExecutionContext.Run(ExecutionContext executionContext, ContextCallback callback, Object state)
   à System.Threading.ThreadHelper.ThreadStart()
