System.Runtime.Serialization.InvalidDataContractException: Le type 'FocusTreeManager.Model.Project' ne peut pas hériter d'un type qui n'est pas marqué avec DataContractAttribute ou SerializableAttribute. Marquez le type de base 'GalaSoft.MvvmLight.ObservableObject' avec DataContractAttribute ou SerializableAttribute ou supprimez ces derniers du type dérivé.
   à System.Runtime.Serialization.ClassDataContract.ClassDataContractCriticalHelper..ctor(Type type)
System.Runtime.Serialization.InvalidDataContractException: Le type 'FocusTreeManager.Model.Project' ne peut pas hériter d'un type qui n'est pas marqué avec DataContractAttribute ou SerializableAttribute. Marquez le type de base 'GalaSoft.MvvmLight.ObservableObject' avec DataContractAttribute ou SerializableAttribute ou supprimez ces derniers du type dérivé.
   à System.Runtime.Serialization.ClassDataContract.ClassDataContractCriticalHelper..ctor(Type type)
System.ComponentModel.Win32Exception (0x80004005): L’opération a réussi
   à MS.Win32.SafeNativeMethods.ReleaseCapture()
System.ArgumentNullException: La valeur ne peut pas être null.
Nom du paramètre : first
   à System.Linq.Enumerable.Except[TSource](IEnumerable`1 first, IEnumerable`1 second)
System.Reflection.TargetInvocationException: Une exception a été levée par la cible d'un appel. ---> System.ArgumentNullException: La valeur ne peut pas être null.
Nom du paramètre : first
   à System.Linq.Enumerable.Except[TSource](IEnumerable`1 first, IEnumerable`1 second)
   à FocusTreeManager.Model.FocusGridModel.RefreshFociList() dans D:\Projets\FocusTreeManager\FocusTreeAndEventManager\FocusTreeManager\Model\TabModels\FocusGridModel.cs:ligne 135
   à FocusTreeManager.Model.FocusGridModel..ctor(Guid ID) dans D:\Projets\FocusTreeManager\FocusTreeAndEventManager\FocusTreeManager\Model\TabModels\FocusGridModel.cs:ligne 122
   à FocusTreeManager.ViewModel.MainViewModel.NotificationMessageReceived(NotificationMessage msg) dans D:\Projets\FocusTreeManager\FocusTreeAndEventManager\FocusTreeManager\ViewModel\MainViewModel.cs:ligne 273
   --- Fin de la trace de la pile d'exception interne ---
   à System.RuntimeMethodHandle.InvokeMethod(Object target, Object[] arguments, Signature sig, Boolean constructor)
   à System.Reflection.RuntimeMethodInfo.UnsafeInvokeInternal(Object obj, Object[] parameters, Object[] arguments)
System.Reflection.TargetInvocationException: Une exception a été levée par la cible d'un appel. ---> System.Reflection.TargetInvocationException: Une exception a été levée par la cible d'un appel. ---> System.ArgumentNullException: La valeur ne peut pas être null.
Nom du paramètre : first
   à System.Linq.Enumerable.Except[TSource](IEnumerable`1 first, IEnumerable`1 second)
   à FocusTreeManager.Model.FocusGridModel.RefreshFociList() dans D:\Projets\FocusTreeManager\FocusTreeAndEventManager\FocusTreeManager\Model\TabModels\FocusGridModel.cs:ligne 135
   à FocusTreeManager.Model.FocusGridModel..ctor(Guid ID) dans D:\Projets\FocusTreeManager\FocusTreeAndEventManager\FocusTreeManager\Model\TabModels\FocusGridModel.cs:ligne 122
   à FocusTreeManager.ViewModel.MainViewModel.NotificationMessageReceived(NotificationMessage msg) dans D:\Projets\FocusTreeManager\FocusTreeAndEventManager\FocusTreeManager\ViewModel\MainViewModel.cs:ligne 273
   --- Fin de la trace de la pile d'exception interne ---
   à System.RuntimeMethodHandle.InvokeMethod(Object target, Object[] arguments, Signature sig, Boolean constructor)
   à System.Reflection.RuntimeMethodInfo.UnsafeInvokeInternal(Object obj, Object[] parameters, Object[] arguments)
   à System.Reflection.RuntimeMethodInfo.Invoke(Object obj, BindingFlags invokeAttr, Binder binder, Object[] parameters, CultureInfo culture)
   à GalaSoft.MvvmLight.Helpers.WeakAction`1.Execute(T parameter) dans D:\GalaSoft\mydotnet\MVVMLight\source\GalaSoft.MvvmLight\GalaSoft.MvvmLight (PCL)\Helpers\WeakActionGeneric.cs:ligne 200
   à GalaSoft.MvvmLight.Helpers.WeakAction`1.ExecuteWithObject(Object parameter) dans D:\GalaSoft\mydotnet\MVVMLight\source\GalaSoft.MvvmLight\GalaSoft.MvvmLight (PCL)\Helpers\WeakActionGeneric.cs:ligne 232
   à GalaSoft.MvvmLight.Messaging.Messenger.SendToList[TMessage](TMessage message, IEnumerable`1 weakActionsAndTokens, Type messageTargetType, Object token) dans D:\GalaSoft\mydotnet\MVVMLight\source\GalaSoft.MvvmLight\GalaSoft.MvvmLight (PCL)\Messaging\Messenger.cs:ligne 486
   à GalaSoft.MvvmLight.Messaging.Messenger.SendToTargetOrType[TMessage](TMessage message, Type messageTargetType, Object token) dans D:\GalaSoft\mydotnet\MVVMLight\source\GalaSoft.MvvmLight\GalaSoft.MvvmLight (PCL)\Messaging\Messenger.cs:ligne 681
   à GalaSoft.MvvmLight.Messaging.Messenger.Send[TMessage](TMessage message) dans D:\GalaSoft\mydotnet\MVVMLight\source\GalaSoft.MvvmLight\GalaSoft.MvvmLight (PCL)\Messaging\Messenger.cs:ligne 263
   à FocusTreeManager.ViewModel.ProjectViewViewModel.OpenFocusTree(Guid param) dans D:\Projets\FocusTreeManager\FocusTreeAndEventManager\FocusTreeManager\ViewModel\ProjectViewViewModel.cs:ligne 206
   --- Fin de la trace de la pile d'exception interne ---
   à System.RuntimeMethodHandle.InvokeMethod(Object target, Object[] arguments, Signature sig, Boolean constructor)
   à System.Reflection.RuntimeMethodInfo.UnsafeInvokeInternal(Object obj, Object[] parameters, Object[] arguments)
System.ArgumentNullException: La valeur ne peut pas être null.
Nom du paramètre : second
   à System.Linq.Enumerable.Except[TSource](IEnumerable`1 first, IEnumerable`1 second)
System.Reflection.TargetInvocationException: Une exception a été levée par la cible d'un appel. ---> System.ArgumentNullException: La valeur ne peut pas être null.
Nom du paramètre : second
   à System.Linq.Enumerable.Except[TSource](IEnumerable`1 first, IEnumerable`1 second)
   à FocusTreeManager.Model.FocusGridModel.RefreshFociList() dans D:\Projets\FocusTreeManager\FocusTreeAndEventManager\FocusTreeManager\Model\TabModels\FocusGridModel.cs:ligne 138
   à FocusTreeManager.Model.FocusGridModel..ctor(Guid ID) dans D:\Projets\FocusTreeManager\FocusTreeAndEventManager\FocusTreeManager\Model\TabModels\FocusGridModel.cs:ligne 122
   à FocusTreeManager.ViewModel.MainViewModel.NotificationMessageReceived(NotificationMessage msg) dans D:\Projets\FocusTreeManager\FocusTreeAndEventManager\FocusTreeManager\ViewModel\MainViewModel.cs:ligne 273
   --- Fin de la trace de la pile d'exception interne ---
   à System.RuntimeMethodHandle.InvokeMethod(Object target, Object[] arguments, Signature sig, Boolean constructor)
   à System.Reflection.RuntimeMethodInfo.UnsafeInvokeInternal(Object obj, Object[] parameters, Object[] arguments)
System.Reflection.TargetInvocationException: Une exception a été levée par la cible d'un appel. ---> System.Reflection.TargetInvocationException: Une exception a été levée par la cible d'un appel. ---> System.ArgumentNullException: La valeur ne peut pas être null.
Nom du paramètre : second
   à System.Linq.Enumerable.Except[TSource](IEnumerable`1 first, IEnumerable`1 second)
   à FocusTreeManager.Model.FocusGridModel.RefreshFociList() dans D:\Projets\FocusTreeManager\FocusTreeAndEventManager\FocusTreeManager\Model\TabModels\FocusGridModel.cs:ligne 138
   à FocusTreeManager.Model.FocusGridModel..ctor(Guid ID) dans D:\Projets\FocusTreeManager\FocusTreeAndEventManager\FocusTreeManager\Model\TabModels\FocusGridModel.cs:ligne 122
   à FocusTreeManager.ViewModel.MainViewModel.NotificationMessageReceived(NotificationMessage msg) dans D:\Projets\FocusTreeManager\FocusTreeAndEventManager\FocusTreeManager\ViewModel\MainViewModel.cs:ligne 273
   --- Fin de la trace de la pile d'exception interne ---
   à System.RuntimeMethodHandle.InvokeMethod(Object target, Object[] arguments, Signature sig, Boolean constructor)
   à System.Reflection.RuntimeMethodInfo.UnsafeInvokeInternal(Object obj, Object[] parameters, Object[] arguments)
   à System.Reflection.RuntimeMethodInfo.Invoke(Object obj, BindingFlags invokeAttr, Binder binder, Object[] parameters, CultureInfo culture)
   à GalaSoft.MvvmLight.Helpers.WeakAction`1.Execute(T parameter) dans D:\GalaSoft\mydotnet\MVVMLight\source\GalaSoft.MvvmLight\GalaSoft.MvvmLight (PCL)\Helpers\WeakActionGeneric.cs:ligne 200
   à GalaSoft.MvvmLight.Helpers.WeakAction`1.ExecuteWithObject(Object parameter) dans D:\GalaSoft\mydotnet\MVVMLight\source\GalaSoft.MvvmLight\GalaSoft.MvvmLight (PCL)\Helpers\WeakActionGeneric.cs:ligne 232
   à GalaSoft.MvvmLight.Messaging.Messenger.SendToList[TMessage](TMessage message, IEnumerable`1 weakActionsAndTokens, Type messageTargetType, Object token) dans D:\GalaSoft\mydotnet\MVVMLight\source\GalaSoft.MvvmLight\GalaSoft.MvvmLight (PCL)\Messaging\Messenger.cs:ligne 486
   à GalaSoft.MvvmLight.Messaging.Messenger.SendToTargetOrType[TMessage](TMessage message, Type messageTargetType, Object token) dans D:\GalaSoft\mydotnet\MVVMLight\source\GalaSoft.MvvmLight\GalaSoft.MvvmLight (PCL)\Messaging\Messenger.cs:ligne 681
   à GalaSoft.MvvmLight.Messaging.Messenger.Send[TMessage](TMessage message) dans D:\GalaSoft\mydotnet\MVVMLight\source\GalaSoft.MvvmLight\GalaSoft.MvvmLight (PCL)\Messaging\Messenger.cs:ligne 263
   à FocusTreeManager.ViewModel.ProjectViewViewModel.OpenFocusTree(Guid param) dans D:\Projets\FocusTreeManager\FocusTreeAndEventManager\FocusTreeManager\ViewModel\ProjectViewViewModel.cs:ligne 206
   --- Fin de la trace de la pile d'exception interne ---
   à System.RuntimeMethodHandle.InvokeMethod(Object target, Object[] arguments, Signature sig, Boolean constructor)
   à System.Reflection.RuntimeMethodInfo.UnsafeInvokeInternal(Object obj, Object[] parameters, Object[] arguments)
System.InvalidOperationException: Impossible d'ajouter le type 'FocusTreeManager.DataContract.ISet' à la liste des types connus, car un autre type 'System.Object' avec le même nom de contrat de données 'http://www.w3.org/2001/XMLSchema:anyType' est déjà présent. S'il existe différentes collections d'un type particulier, par exemple List<Test> et Test[], il est impossible de les ajouter en tant que types connus. Spécifiez uniquement l'un de ces types pour l'ajouter à la liste des types connus.
   à System.Runtime.Serialization.DataContract.CheckAndAdd(Type type, Dictionary`2 typesChecked, Dictionary`2& nameToDataContractTable)
System.InvalidOperationException: Impossible d'ajouter le type 'FocusTreeManager.DataContract.ISet' à la liste des types connus, car un autre type 'System.Object' avec le même nom de contrat de données 'http://www.w3.org/2001/XMLSchema:anyType' est déjà présent. S'il existe différentes collections d'un type particulier, par exemple List<Test> et Test[], il est impossible de les ajouter en tant que types connus. Spécifiez uniquement l'un de ces types pour l'ajouter à la liste des types connus.
   à System.Runtime.Serialization.DataContract.CheckAndAdd(Type type, Dictionary`2 typesChecked, Dictionary`2& nameToDataContractTable)
System.Runtime.Serialization.SerializationException: Le type 'FocusTreeManager.CodeStructures.Assignation' avec le nom de contrat de données 'assignation:http://schemas.datacontract.org/2004/07/FocusTreeManager.CodeStructures' n'est pas attendu. Utilisez un DataContractResolver si vous utilisez DataContractSerializer ou ajoutez tous les types non connus statiquement à la liste des types connus, par exemple en utilisant l'attribut KnownTypeAttribute ou en les ajoutant à la liste des types connus qui est transmise au sérialiseur.
   à System.Runtime.Serialization.XmlObjectSerializerWriteContext.SerializeAndVerifyType(DataContract dataContract, XmlWriterDelegator xmlWriter, Object obj, Boolean verifyKnownType, RuntimeTypeHandle declaredTypeHandle, Type declaredType)
System.InvalidOperationException: Impossible d'ajouter le type 'FocusTreeManager.CodeStructures.ICodeStruct' à la liste des types connus, car un autre type 'System.Object' avec le même nom de contrat de données 'http://www.w3.org/2001/XMLSchema:anyType' est déjà présent. S'il existe différentes collections d'un type particulier, par exemple List<Test> et Test[], il est impossible de les ajouter en tant que types connus. Spécifiez uniquement l'un de ces types pour l'ajouter à la liste des types connus.
   à System.Runtime.Serialization.DataContract.CheckAndAdd(Type type, Dictionary`2 typesChecked, Dictionary`2& nameToDataContractTable)
System.Runtime.Serialization.SerializationException: Le nombre maximal d'éléments pouvant être sérialisés ou désérialisés dans un graphique d'objet est '32767'. Modifiez le graphique d'objet ou augmentez le quota MaxItemsInObjectGraph. 
   à System.Runtime.Serialization.XmlObjectSerializerContext.IncrementItemCount(Int32 count)
System.Xml.XmlException: Dépassement de la profondeur de lecture maximale (32) car les données XML en cours de lecture comportent plus de niveaux d'imbrication que le nombre autorisé par le quota. Ce quota peut être augmenté en modifiant la propriété MaxDepth sur l'objet XmlDictionaryReaderQuotas utilisé lors de la création du lecteur XML. Ligne 1, position 1448.
   à System.Xml.XmlExceptionHelper.ThrowXmlException(XmlDictionaryReader reader, String res, String arg1, String arg2, String arg3)
System.Runtime.Serialization.SerializationException: Une erreur s'est produite lors de la désérialisation de l'objet de type FocusTreeManager.DataContract.Project. Dépassement de la profondeur de lecture maximale (32) car les données XML en cours de lecture comportent plus de niveaux d'imbrication que le nombre autorisé par le quota. Ce quota peut être augmenté en modifiant la propriété MaxDepth sur l'objet XmlDictionaryReaderQuotas utilisé lors de la création du lecteur XML. Ligne 1, position 1448. ---> System.Xml.XmlException: Dépassement de la profondeur de lecture maximale (32) car les données XML en cours de lecture comportent plus de niveaux d'imbrication que le nombre autorisé par le quota. Ce quota peut être augmenté en modifiant la propriété MaxDepth sur l'objet XmlDictionaryReaderQuotas utilisé lors de la création du lecteur XML. Ligne 1, position 1448.
   à System.Xml.XmlExceptionHelper.ThrowXmlException(XmlDictionaryReader reader, String res, String arg1, String arg2, String arg3)
   à System.Xml.XmlExceptionHelper.ThrowMaxDepthExceeded(XmlDictionaryReader reader, Int32 maxDepth)
   à System.Xml.XmlBaseReader.EnterScope()
   à System.Xml.XmlUTF8TextReader.ReadStartElement()
   à System.Xml.XmlUTF8TextReader.Read()
   à System.Runtime.Serialization.XmlReaderDelegator.Read()
   à System.Runtime.Serialization.ClassDataContract.ReadXmlValue(XmlReaderDelegator xmlReader, XmlObjectSerializerReadContext context)
   à System.Runtime.Serialization.XmlObjectSerializerReadContext.ReadDataContractValue(DataContract dataContract, XmlReaderDelegator reader)
   à System.Runtime.Serialization.XmlObjectSerializerReadContext.InternalDeserialize(XmlReaderDelegator reader, String name, String ns, Type declaredType, DataContract& dataContract)
   à System.Runtime.Serialization.XmlObjectSerializerReadContext.InternalDeserialize(XmlReaderDelegator xmlReader, Int32 id, RuntimeTypeHandle declaredTypeHandle, String name, String ns)
   à ReadassignationFromXml(XmlReaderDelegator , XmlObjectSerializerReadContext , XmlDictionaryString[] , XmlDictionaryString[] )
   à System.Runtime.Serialization.ClassDataContract.ReadXmlValue(XmlReaderDelegator xmlReader, XmlObjectSerializerReadContext context)
   à System.Runtime.Serialization.XmlObjectSerializerReadContext.ReadDataContractValue(DataContract dataContract, XmlReaderDelegator reader)
   à System.Runtime.Serialization.XmlObjectSerializerReadContext.InternalDeserialize(XmlReaderDelegator reader, String name, String ns, Type declaredType, DataContract& dataContract)
   à System.Runtime.Serialization.XmlObjectSerializerReadContext.InternalDeserialize(XmlReaderDelegator xmlReader, Int32 id, RuntimeTypeHandle declaredTypeHandle, String name, String ns)
   à ReadArrayOfanyTypeFromXml(XmlReaderDelegator , XmlObjectSerializerReadContext , XmlDictionaryString , XmlDictionaryString , CollectionDataContract )
   à System.Runtime.Serialization.CollectionDataContract.ReadXmlValue(XmlReaderDelegator xmlReader, XmlObjectSerializerReadContext context)
   à System.Runtime.Serialization.XmlObjectSerializerReadContext.ReadDataContractValue(DataContract dataContract, XmlReaderDelegator reader)
   à System.Runtime.Serialization.XmlObjectSerializerReadContext.InternalDeserialize(XmlReaderDelegator reader, String name, String ns, Type declaredType, DataContract& dataContract)
   à System.Runtime.Serialization.XmlObjectSerializerReadContext.InternalDeserialize(XmlReaderDelegator xmlReader, Int32 id, RuntimeTypeHandle declaredTypeHandle, String name, String ns)
   à Readcode_blockFromXml(XmlReaderDelegator , XmlObjectSerializerReadContext , XmlDictionaryString[] , XmlDictionaryString[] )
   à System.Runtime.Serialization.ClassDataContract.ReadXmlValue(XmlReaderDelegator xmlReader, XmlObjectSerializerReadContext context)
   à System.Runtime.Serialization.XmlObjectSerializerReadContext.ReadDataContractValue(DataContract dataContract, XmlReaderDelegator reader)
   à System.Runtime.Serialization.XmlObjectSerializerReadContext.InternalDeserialize(XmlReaderDelegator reader, String name, String ns, Type declaredType, DataContract& dataContract)
   à System.Runtime.Serialization.XmlObjectSerializerReadContext.InternalDeserialize(XmlReaderDelegator xmlReader, Int32 id, RuntimeTypeHandle declaredTypeHandle, String name, String ns)
   à ReadassignationFromXml(XmlReaderDelegator , XmlObjectSerializerReadContext , XmlDictionaryString[] , XmlDictionaryString[] )
   à System.Runtime.Serialization.ClassDataContract.ReadXmlValue(XmlReaderDelegator xmlReader, XmlObjectSerializerReadContext context)
   à System.Runtime.Serialization.XmlObjectSerializerReadContext.ReadDataContractValue(DataContract dataContract, XmlReaderDelegator reader)
   à System.Runtime.Serialization.XmlObjectSerializerReadContext.InternalDeserialize(XmlReaderDelegator reader, String name, String ns, Type declaredType, DataContract& dataContract)
   à System.Runtime.Serialization.XmlObjectSerializerReadContext.InternalDeserialize(XmlReaderDelegator xmlReader, Int32 id, RuntimeTypeHandle declaredTypeHandle, String name, String ns)
   à ReadArrayOfanyTypeFromXml(XmlReaderDelegator , XmlObjectSerializerReadContext , XmlDictionaryString , XmlDictionaryString , CollectionDataContract )
   à System.Runtime.Serialization.CollectionDataContract.ReadXmlValue(XmlReaderDelegator xmlReader, XmlObjectSerializerReadContext context)
   à System.Runtime.Serialization.XmlObjectSerializerReadContext.ReadDataContractValue(DataContract dataContract, XmlReaderDelegator reader)
   à System.Runtime.Serialization.XmlObjectSerializerReadContext.InternalDeserialize(XmlReaderDelegator reader, String name, String ns, Type declaredType, DataContract& dataContract)
   à System.Runtime.Serialization.XmlObjectSerializerReadContext.InternalDeserialize(XmlReaderDelegator xmlReader, Int32 id, RuntimeTypeHandle declaredTypeHandle, String name, String ns)
   à Readcode_blockFromXml(XmlReaderDelegator , XmlObjectSerializerReadContext , XmlDictionaryString[] , XmlDictionaryString[] )
   à System.Runtime.Serialization.ClassDataContract.ReadXmlValue(XmlReaderDelegator xmlReader, XmlObjectSerializerReadContext context)
   à System.Runtime.Serialization.XmlObjectSerializerReadContext.ReadDataContractValue(DataContract dataContract, XmlReaderDelegator reader)
   à System.Runtime.Serialization.XmlObjectSerializerReadContext.InternalDeserialize(XmlReaderDelegator reader, String name, String ns, Type declaredType, DataContract& dataContract)
   à System.Runtime.Serialization.XmlObjectSerializerReadContext.InternalDeserialize(XmlReaderDelegator xmlReader, Int32 id, RuntimeTypeHandle declaredTypeHandle, String name, String ns)
   à ReadassignationFromXml(XmlReaderDelegator , XmlObjectSerializerReadContext , XmlDictionaryString[] , XmlDictionaryString[] )
   à System.Runtime.Serialization.ClassDataContract.ReadXmlValue(XmlReaderDelegator xmlReader, XmlObjectSerializerReadContext context)
   à System.Runtime.Serialization.XmlObjectSerializerReadContext.ReadDataContractValue(DataContract dataContract, XmlReaderDelegator reader)
   à System.Runtime.Serialization.XmlObjectSerializerReadContext.InternalDeserialize(XmlReaderDelegator reader, String name, String ns, Type declaredType, DataContract& dataContract)
   à System.Runtime.Serialization.XmlObjectSerializerReadContext.InternalDeserialize(XmlReaderDelegator xmlReader, Int32 id, RuntimeTypeHandle declaredTypeHandle, String name, String ns)
   à ReadArrayOfanyTypeFromXml(XmlReaderDelegator , XmlObjectSerializerReadContext , XmlDictionaryString , XmlDictionaryString , CollectionDataContract )
   à System.Runtime.Serialization.CollectionDataContract.ReadXmlValue(XmlReaderDelegator xmlReader, XmlObjectSerializerReadContext context)
   à System.Runtime.Serialization.XmlObjectSerializerReadContext.ReadDataContractValue(DataContract dataContract, XmlReaderDelegator reader)
   à System.Runtime.Serialization.XmlObjectSerializerReadContext.InternalDeserialize(XmlReaderDelegator reader, String name, String ns, Type declaredType, DataContract& dataContract)
   à System.Runtime.Serialization.XmlObjectSerializerReadContext.InternalDeserialize(XmlReaderDelegator xmlReader, Int32 id, RuntimeTypeHandle declaredTypeHandle, String name, String ns)
   à Readcode_blockFromXml(XmlReaderDelegator , XmlObjectSerializerReadContext , XmlDictionaryString[] , XmlDictionaryString[] )
   à System.Runtime.Serialization.ClassDataContract.ReadXmlValue(XmlReaderDelegator xmlReader, XmlObjectSerializerReadContext context)
   à System.Runtime.Serialization.XmlObjectSerializerReadContext.ReadDataContractValue(DataContract dataContract, XmlReaderDelegator reader)
   à System.Runtime.Serialization.XmlObjectSerializerReadContext.InternalDeserialize(XmlReaderDelegator reader, String name, String ns, Type declaredType, DataContract& dataContract)
   à System.Runtime.Serialization.XmlObjectSerializerReadContext.InternalDeserialize(XmlReaderDelegator xmlReader, Int32 id, RuntimeTypeHandle declaredTypeHandle, String name, String ns)
   à ReadassignationFromXml(XmlReaderDelegator , XmlObjectSerializerReadContext , XmlDictionaryString[] , XmlDictionaryString[] )
   à System.Runtime.Serialization.ClassDataContract.ReadXmlValue(XmlReaderDelegator xmlReader, XmlObjectSerializerReadContext context)
   à System.Runtime.Serialization.XmlObjectSerializerReadContext.ReadDataContractValue(DataContract dataContract, XmlReaderDelegator reader)
   à System.Runtime.Serialization.XmlObjectSerializerReadContext.InternalDeserialize(XmlReaderDelegator reader, String name, String ns, Type declaredType, DataContract& dataContract)
   à System.Runtime.Serialization.XmlObjectSerializerReadContext.InternalDeserialize(XmlReaderDelegator xmlReader, Int32 id, RuntimeTypeHandle declaredTypeHandle, String name, String ns)
   à ReadArrayOfanyTypeFromXml(XmlReaderDelegator , XmlObjectSerializerReadContext , XmlDictionaryString , XmlDictionaryString , CollectionDataContract )
   à System.Runtime.Serialization.CollectionDataContract.ReadXmlValue(XmlReaderDelegator xmlReader, XmlObjectSerializerReadContext context)
   à System.Runtime.Serialization.XmlObjectSerializerReadContext.ReadDataContractValue(DataContract dataContract, XmlReaderDelegator reader)
   à System.Runtime.Serialization.XmlObjectSerializerReadContext.InternalDeserialize(XmlReaderDelegator reader, String name, String ns, Type declaredType, DataContract& dataContract)
   à System.Runtime.Serialization.XmlObjectSerializerReadContext.InternalDeserialize(XmlReaderDelegator xmlReader, Int32 id, RuntimeTypeHandle declaredTypeHandle, String name, String ns)
   à Readcode_blockFromXml(XmlReaderDelegator , XmlObjectSerializerReadContext , XmlDictionaryString[] , XmlDictionaryString[] )
   à System.Runtime.Serialization.ClassDataContract.ReadXmlValue(XmlReaderDelegator xmlReader, XmlObjectSerializerReadContext context)
   à System.Runtime.Serialization.XmlObjectSerializerReadContext.ReadDataContractValue(DataContract dataContract, XmlReaderDelegator reader)
   à System.Runtime.Serialization.XmlObjectSerializerReadContext.InternalDeserialize(XmlReaderDelegator reader, String name, String ns, Type declaredType, DataContract& dataContract)
   à System.Runtime.Serialization.XmlObjectSerializerReadContext.InternalDeserialize(XmlReaderDelegator xmlReader, Int32 id, RuntimeTypeHandle declaredTypeHandle, String name, String ns)
   à ReadassignationFromXml(XmlReaderDelegator , XmlObjectSerializerReadContext , XmlDictionaryString[] , XmlDictionaryString[] )
   à System.Runtime.Serialization.ClassDataContract.ReadXmlValue(XmlReaderDelegator xmlReader, XmlObjectSerializerReadContext context)
   à System.Runtime.Serialization.XmlObjectSerializerReadContext.ReadDataContractValue(DataContract dataContract, XmlReaderDelegator reader)
   à System.Runtime.Serialization.XmlObjectSerializerReadContext.InternalDeserialize(XmlReaderDelegator reader, String name, String ns, Type declaredType, DataContract& dataContract)
   à System.Runtime.Serialization.XmlObjectSerializerReadContext.InternalDeserialize(XmlReaderDelegator xmlReader, Int32 id, RuntimeTypeHandle declaredTypeHandle, String name, String ns)
   à ReadArrayOfanyTypeFromXml(XmlReaderDelegator , XmlObjectSerializerReadContext , XmlDictionaryString , XmlDictionaryString , CollectionDataContract )
   à System.Runtime.Serialization.CollectionDataContract.ReadXmlValue(XmlReaderDelegator xmlReader, XmlObjectSerializerReadContext context)
   à System.Runtime.Serialization.XmlObjectSerializerReadContext.ReadDataContractValue(DataContract dataContract, XmlReaderDelegator reader)
   à System.Runtime.Serialization.XmlObjectSerializerReadContext.InternalDeserialize(XmlReaderDelegator reader, String name, String ns, Type declaredType, DataContract& dataContract)
   à System.Runtime.Serialization.XmlObjectSerializerReadContext.InternalDeserialize(XmlReaderDelegator xmlReader, Int32 id, RuntimeTypeHandle declaredTypeHandle, String name, String ns)
   à Readcode_blockFromXml(XmlReaderDelegator , XmlObjectSerializerReadContext , XmlDictionaryString[] , XmlDictionaryString[] )
   à System.Runtime.Serialization.ClassDataContract.ReadXmlValue(XmlReaderDelegator xmlReader, XmlObjectSerializerReadContext context)
   à System.Runtime.Serialization.XmlObjectSerializerReadContext.ReadDataContractValue(DataContract dataContract, XmlReaderDelegator reader)
   à System.Runtime.Serialization.XmlObjectSerializerReadContext.InternalDeserialize(XmlReaderDelegator reader, String name, String ns, Type declaredType, DataContract& dataContract)
   à System.Runtime.Serialization.XmlObjectSerializerReadContext.InternalDeserialize(XmlReaderDelegator xmlReader, Int32 id, RuntimeTypeHandle declaredTypeHandle, String name, String ns)
   à ReadassignationFromXml(XmlReaderDelegator , XmlObjectSerializerReadContext , XmlDictionaryString[] , XmlDictionaryString[] )
   à System.Runtime.Serialization.ClassDataContract.ReadXmlValue(XmlReaderDelegator xmlReader, XmlObjectSerializerReadContext context)
   à System.Runtime.Serialization.XmlObjectSerializerReadContext.ReadDataContractValue(DataContract dataContract, XmlReaderDelegator reader)
   à System.Runtime.Serialization.XmlObjectSerializerReadContext.InternalDeserialize(XmlReaderDelegator reader, String name, String ns, Type declaredType, DataContract& dataContract)
   à System.Runtime.Serialization.XmlObjectSerializerReadContext.InternalDeserialize(XmlReaderDelegator xmlReader, Int32 id, RuntimeTypeHandle declaredTypeHandle, String name, String ns)
   à ReadArrayOfanyTypeFromXml(XmlReaderDelegator , XmlObjectSerializerReadContext , XmlDictionaryString , XmlDictionaryString , CollectionDataContract )
   à System.Runtime.Serialization.CollectionDataContract.ReadXmlValue(XmlReaderDelegator xmlReader, XmlObjectSerializerReadContext context)
   à System.Runtime.Serialization.XmlObjectSerializerReadContext.ReadDataContractValue(DataContract dataContract, XmlReaderDelegator reader)
   à System.Runtime.Serialization.XmlObjectSerializerReadContext.InternalDeserialize(XmlReaderDelegator reader, String name, String ns, Type declaredType, DataContract& dataContract)
   à System.Runtime.Serialization.XmlObjectSerializerReadContext.InternalDeserialize(XmlReaderDelegator xmlReader, Int32 id, RuntimeTypeHandle declaredTypeHandle, String name, String ns)
   à Readscript_structFromXml(XmlReaderDelegator , XmlObjectSerializerReadContext , XmlDictionaryString[] , XmlDictionaryString[] )
   à System.Runtime.Serialization.ClassDataContract.ReadXmlValue(XmlReaderDelegator xmlReader, XmlObjectSerializerReadContext context)
   à System.Runtime.Serialization.XmlObjectSerializerReadContext.ReadDataContractValue(DataContract dataContract, XmlReaderDelegator reader)
   à System.Runtime.Serialization.XmlObjectSerializerReadContext.InternalDeserialize(XmlReaderDelegator reader, String name, String ns, Type declaredType, DataContract& dataContract)
   à System.Runtime.Serialization.XmlObjectSerializerReadContext.InternalDeserialize(XmlReaderDelegator xmlReader, Int32 id, RuntimeTypeHandle declaredTypeHandle, String name, String ns)
   à ReadfocusFromXml(XmlReaderDelegator , XmlObjectSerializerReadContext , XmlDictionaryString[] , XmlDictionaryString[] )
   à System.Runtime.Serialization.ClassDataContract.ReadXmlValue(XmlReaderDelegator xmlReader, XmlObjectSerializerReadContext context)
   à System.Runtime.Serialization.XmlObjectSerializerReadContext.ReadDataContractValue(DataContract dataContract, XmlReaderDelegator reader)
   à System.Runtime.Serialization.XmlObjectSerializerReadContext.InternalDeserialize(XmlReaderDelegator reader, String name, String ns, Type declaredType, DataContract& dataContract)
   à System.Runtime.Serialization.XmlObjectSerializerReadContext.InternalDeserialize(XmlReaderDelegator xmlReader, Int32 id, RuntimeTypeHandle declaredTypeHandle, String name, String ns)
   à ReadArrayOffocusFromXml(XmlReaderDelegator , XmlObjectSerializerReadContext , XmlDictionaryString , XmlDictionaryString , CollectionDataContract )
   à System.Runtime.Serialization.CollectionDataContract.ReadXmlValue(XmlReaderDelegator xmlReader, XmlObjectSerializerReadContext context)
   à System.Runtime.Serialization.XmlObjectSerializerReadContext.ReadDataContractValue(DataContract dataContract, XmlReaderDelegator reader)
   à System.Runtime.Serialization.XmlObjectSerializerReadContext.InternalDeserialize(XmlReaderDelegator reader, String name, String ns, Type declaredType, DataContract& dataContract)
   à System.Runtime.Serialization.XmlObjectSerializerReadContext.InternalDeserialize(XmlReaderDelegator xmlReader, Int32 id, RuntimeTypeHandle declaredTypeHandle, String name, String ns)
   à ReadprerequisiteFromXml(XmlReaderDelegator , XmlObjectSerializerReadContext , XmlDictionaryString[] , XmlDictionaryString[] )
   à System.Runtime.Serialization.ClassDataContract.ReadXmlValue(XmlReaderDelegator xmlReader, XmlObjectSerializerReadContext context)
   à System.Runtime.Serialization.XmlObjectSerializerReadContext.ReadDataContractValue(DataContract dataContract, XmlReaderDelegator reader)
   à System.Runtime.Serialization.XmlObjectSerializerReadContext.InternalDeserialize(XmlReaderDelegator reader, String name, String ns, Type declaredType, DataContract& dataContract)
   à System.Runtime.Serialization.XmlObjectSerializerReadContext.InternalDeserialize(XmlReaderDelegator xmlReader, Int32 id, RuntimeTypeHandle declaredTypeHandle, String name, String ns)
   à ReadArrayOfprerequisiteFromXml(XmlReaderDelegator , XmlObjectSerializerReadContext , XmlDictionaryString , XmlDictionaryString , CollectionDataContract )
   à System.Runtime.Serialization.CollectionDataContract.ReadXmlValue(XmlReaderDelegator xmlReader, XmlObjectSerializerReadContext context)
   à System.Runtime.Serialization.XmlObjectSerializerReadContext.ReadDataContractValue(DataContract dataContract, XmlReaderDelegator reader)
   à System.Runtime.Serialization.XmlObjectSerializerReadContext.InternalDeserialize(XmlReaderDelegator reader, String name, String ns, Type declaredType, DataContract& dataContract)
   à System.Runtime.Serialization.XmlObjectSerializerReadContext.InternalDeserialize(XmlReaderDelegator xmlReader, Int32 id, RuntimeTypeHandle declaredTypeHandle, String name, String ns)
   à ReadfocusFromXml(XmlReaderDelegator , XmlObjectSerializerReadContext , XmlDictionaryString[] , XmlDictionaryString[] )
   à System.Runtime.Serialization.ClassDataContract.ReadXmlValue(XmlReaderDelegator xmlReader, XmlObjectSerializerReadContext context)
   à System.Runtime.Serialization.XmlObjectSerializerReadContext.ReadDataContractValue(DataContract dataContract, XmlReaderDelegator reader)
   à System.Runtime.Serialization.XmlObjectSerializerReadContext.InternalDeserialize(XmlReaderDelegator reader, String name, String ns, Type declaredType, DataContract& dataContract)
   à System.Runtime.Serialization.XmlObjectSerializerReadContext.InternalDeserialize(XmlReaderDelegator xmlReader, Int32 id, RuntimeTypeHandle declaredTypeHandle, String name, String ns)
   à ReadArrayOffocusFromXml(XmlReaderDelegator , XmlObjectSerializerReadContext , XmlDictionaryString , XmlDictionaryString , CollectionDataContract )
   à System.Runtime.Serialization.CollectionDataContract.ReadXmlValue(XmlReaderDelegator xmlReader, XmlObjectSerializerReadContext context)
   à System.Runtime.Serialization.XmlObjectSerializerReadContext.ReadDataContractValue(DataContract dataContract, XmlReaderDelegator reader)
   à System.Runtime.Serialization.XmlObjectSerializerReadContext.InternalDeserialize(XmlReaderDelegator reader, String name, String ns, Type declaredType, DataContract& dataContract)
   à System.Runtime.Serialization.XmlObjectSerializerReadContext.InternalDeserialize(XmlReaderDelegator xmlReader, Int32 id, RuntimeTypeHandle declaredTypeHandle, String name, String ns)
   à ReadprerequisiteFromXml(XmlReaderDelegator , XmlObjectSerializerReadContext , XmlDictionaryString[] , XmlDictionaryString[] )
   à System.Runtime.Serialization.ClassDataContract.ReadXmlValue(XmlReaderDelegator xmlReader, XmlObjectSerializerReadContext context)
   à System.Runtime.Serialization.XmlObjectSerializerReadContext.ReadDataContractValue(DataContract dataContract, XmlReaderDelegator reader)
   à System.Runtime.Serialization.XmlObjectSerializerReadContext.InternalDeserialize(XmlReaderDelegator reader, String name, String ns, Type declaredType, DataContract& dataContract)
   à System.Runtime.Serialization.XmlObjectSerializerReadContext.InternalDeserialize(XmlReaderDelegator xmlReader, Int32 id, RuntimeTypeHandle declaredTypeHandle, String name, String ns)
   à ReadArrayOfprerequisiteFromXml(XmlReaderDelegator , XmlObjectSerializerReadContext , XmlDictionaryString , XmlDictionaryString , CollectionDataContract )
   à System.Runtime.Serialization.CollectionDataContract.ReadXmlValue(XmlReaderDelegator xmlReader, XmlObjectSerializerReadContext context)
   à System.Runtime.Serialization.XmlObjectSerializerReadContext.ReadDataContractValue(DataContract dataContract, XmlReaderDelegator reader)
   à System.Runtime.Serialization.XmlObjectSerializerReadContext.InternalDeserialize(XmlReaderDelegator reader, String name, String ns, Type declaredType, DataContract& dataContract)
   à System.Runtime.Serialization.XmlObjectSerializerReadContext.InternalDeserialize(XmlReaderDelegator xmlReader, Int32 id, RuntimeTypeHandle declaredTypeHandle, String name, String ns)
   à ReadfocusFromXml(XmlReaderDelegator , XmlObjectSerializerReadContext , XmlDictionaryString[] , XmlDictionaryString[] )
   à System.Runtime.Serialization.ClassDataContract.ReadXmlValue(XmlReaderDelegator xmlReader, XmlObjectSerializerReadContext context)
   à System.Runtime.Serialization.XmlObjectSerializerReadContext.ReadDataContractValue(DataContract dataContract, XmlReaderDelegator reader)
   à System.Runtime.Serialization.XmlObjectSerializerReadContext.InternalDeserialize(XmlReaderDelegator reader, String name, String ns, Type declaredType, DataContract& dataContract)
   à System.Runtime.Serialization.XmlObjectSerializerReadContext.InternalDeserialize(XmlReaderDelegator xmlReader, Int32 id, RuntimeTypeHandle declaredTypeHandle, String name, String ns)
   à ReadArrayOffocusFromXml(XmlReaderDelegator , XmlObjectSerializerReadContext , XmlDictionaryString , XmlDictionaryString , CollectionDataContract )
   à System.Runtime.Serialization.CollectionDataContract.ReadXmlValue(XmlReaderDelegator xmlReader, XmlObjectSerializerReadContext context)
   à System.Runtime.Serialization.XmlObjectSerializerReadContext.ReadDataContractValue(DataContract dataContract, XmlReaderDelegator reader)
   à System.Runtime.Serialization.XmlObjectSerializerReadContext.InternalDeserialize(XmlReaderDelegator reader, String name, String ns, Type declaredType, DataContract& dataContract)
   à System.Runtime.Serialization.XmlObjectSerializerReadContext.InternalDeserialize(XmlReaderDelegator xmlReader, Int32 id, RuntimeTypeHandle declaredTypeHandle, String name, String ns)
   à Readfoci_containerFromXml(XmlReaderDelegator , XmlObjectSerializerReadContext , XmlDictionaryString[] , XmlDictionaryString[] )
   à System.Runtime.Serialization.ClassDataContract.ReadXmlValue(XmlReaderDelegator xmlReader, XmlObjectSerializerReadContext context)
   à System.Runtime.Serialization.XmlObjectSerializerReadContext.ReadDataContractValue(DataContract dataContract, XmlReaderDelegator reader)
   à System.Runtime.Serialization.XmlObjectSerializerReadContext.InternalDeserialize(XmlReaderDelegator reader, String name, String ns, Type declaredType, DataContract& dataContract)
   à System.Runtime.Serialization.XmlObjectSerializerReadContext.InternalDeserialize(XmlReaderDelegator xmlReader, Int32 id, RuntimeTypeHandle declaredTypeHandle, String name, String ns)
   à ReadArrayOffoci_containerFromXml(XmlReaderDelegator , XmlObjectSerializerReadContext , XmlDictionaryString , XmlDictionaryString , CollectionDataContract )
   à System.Runtime.Serialization.CollectionDataContract.ReadXmlValue(XmlReaderDelegator xmlReader, XmlObjectSerializerReadContext context)
   à System.Runtime.Serialization.XmlObjectSerializerReadContext.ReadDataContractValue(DataContract dataContract, XmlReaderDelegator reader)
   à System.Runtime.Serialization.XmlObjectSerializerReadContext.InternalDeserialize(XmlReaderDelegator reader, String name, String ns, Type declaredType, DataContract& dataContract)
   à System.Runtime.Serialization.XmlObjectSerializerReadContext.InternalDeserialize(XmlReaderDelegator xmlReader, Int32 id, RuntimeTypeHandle declaredTypeHandle, String name, String ns)
   à ReadprojectFromXml(XmlReaderDelegator , XmlObjectSerializerReadContext , XmlDictionaryString[] , XmlDictionaryString[] )
   à System.Runtime.Serialization.ClassDataContract.ReadXmlValue(XmlReaderDelegator xmlReader, XmlObjectSerializerReadContext context)
   à System.Runtime.Serialization.XmlObjectSerializerReadContext.ReadDataContractValue(DataContract dataContract, XmlReaderDelegator reader)
   à System.Runtime.Serialization.XmlObjectSerializerReadContext.InternalDeserialize(XmlReaderDelegator reader, String name, String ns, Type declaredType, DataContract& dataContract)
   à System.Runtime.Serialization.XmlObjectSerializerReadContext.InternalDeserialize(XmlReaderDelegator xmlReader, Type declaredType, DataContract dataContract, String name, String ns)
   à System.Runtime.Serialization.DataContractSerializer.InternalReadObject(XmlReaderDelegator xmlReader, Boolean verifyObjectName, DataContractResolver dataContractResolver)
   à System.Runtime.Serialization.XmlObjectSerializer.ReadObjectHandleExceptions(XmlReaderDelegator reader, Boolean verifyObjectName, DataContractResolver dataContractResolver)
   --- Fin de la trace de la pile d'exception interne ---
   à System.Runtime.Serialization.XmlObjectSerializer.ReadObjectHandleExceptions(XmlReaderDelegator reader, Boolean verifyObjectName, DataContractResolver dataContractResolver)
System.Xml.XmlException: Dépassement de la profondeur de lecture maximale (32) car les données XML en cours de lecture comportent plus de niveaux d'imbrication que le nombre autorisé par le quota. Ce quota peut être augmenté en modifiant la propriété MaxDepth sur l'objet XmlDictionaryReaderQuotas utilisé lors de la création du lecteur XML. Ligne 1, position 1448.
   à System.Xml.XmlExceptionHelper.ThrowXmlException(XmlDictionaryReader reader, String res, String arg1, String arg2, String arg3)
System.Runtime.Serialization.SerializationException: Une erreur s'est produite lors de la désérialisation de l'objet de type FocusTreeManager.DataContract.Project. Dépassement de la profondeur de lecture maximale (32) car les données XML en cours de lecture comportent plus de niveaux d'imbrication que le nombre autorisé par le quota. Ce quota peut être augmenté en modifiant la propriété MaxDepth sur l'objet XmlDictionaryReaderQuotas utilisé lors de la création du lecteur XML. Ligne 1, position 1448. ---> System.Xml.XmlException: Dépassement de la profondeur de lecture maximale (32) car les données XML en cours de lecture comportent plus de niveaux d'imbrication que le nombre autorisé par le quota. Ce quota peut être augmenté en modifiant la propriété MaxDepth sur l'objet XmlDictionaryReaderQuotas utilisé lors de la création du lecteur XML. Ligne 1, position 1448.
   à System.Xml.XmlExceptionHelper.ThrowXmlException(XmlDictionaryReader reader, String res, String arg1, String arg2, String arg3)
   à System.Xml.XmlExceptionHelper.ThrowMaxDepthExceeded(XmlDictionaryReader reader, Int32 maxDepth)
   à System.Xml.XmlBaseReader.EnterScope()
   à System.Xml.XmlUTF8TextReader.ReadStartElement()
   à System.Xml.XmlUTF8TextReader.Read()
   à System.Runtime.Serialization.XmlReaderDelegator.Read()
   à System.Runtime.Serialization.ClassDataContract.ReadXmlValue(XmlReaderDelegator xmlReader, XmlObjectSerializerReadContext context)
   à System.Runtime.Serialization.XmlObjectSerializerReadContext.ReadDataContractValue(DataContract dataContract, XmlReaderDelegator reader)
   à System.Runtime.Serialization.XmlObjectSerializerReadContext.InternalDeserialize(XmlReaderDelegator reader, String name, String ns, Type declaredType, DataContract& dataContract)
   à System.Runtime.Serialization.XmlObjectSerializerReadContext.InternalDeserialize(XmlReaderDelegator xmlReader, Int32 id, RuntimeTypeHandle declaredTypeHandle, String name, String ns)
   à ReadassignationFromXml(XmlReaderDelegator , XmlObjectSerializerReadContext , XmlDictionaryString[] , XmlDictionaryString[] )
   à System.Runtime.Serialization.ClassDataContract.ReadXmlValue(XmlReaderDelegator xmlReader, XmlObjectSerializerReadContext context)
   à System.Runtime.Serialization.XmlObjectSerializerReadContext.ReadDataContractValue(DataContract dataContract, XmlReaderDelegator reader)
   à System.Runtime.Serialization.XmlObjectSerializerReadContext.InternalDeserialize(XmlReaderDelegator reader, String name, String ns, Type declaredType, DataContract& dataContract)
   à System.Runtime.Serialization.XmlObjectSerializerReadContext.InternalDeserialize(XmlReaderDelegator xmlReader, Int32 id, RuntimeTypeHandle declaredTypeHandle, String name, String ns)
   à ReadArrayOfanyTypeFromXml(XmlReaderDelegator , XmlObjectSerializerReadContext , XmlDictionaryString , XmlDictionaryString , CollectionDataContract )
   à System.Runtime.Serialization.CollectionDataContract.ReadXmlValue(XmlReaderDelegator xmlReader, XmlObjectSerializerReadContext context)
   à System.Runtime.Serialization.XmlObjectSerializerReadContext.ReadDataContractValue(DataContract dataContract, XmlReaderDelegator reader)
   à System.Runtime.Serialization.XmlObjectSerializerReadContext.InternalDeserialize(XmlReaderDelegator reader, String name, String ns, Type declaredType, DataContract& dataContract)
   à System.Runtime.Serialization.XmlObjectSerializerReadContext.InternalDeserialize(XmlReaderDelegator xmlReader, Int32 id, RuntimeTypeHandle declaredTypeHandle, String name, String ns)
   à Readcode_blockFromXml(XmlReaderDelegator , XmlObjectSerializerReadContext , XmlDictionaryString[] , XmlDictionaryString[] )
   à System.Runtime.Serialization.ClassDataContract.ReadXmlValue(XmlReaderDelegator xmlReader, XmlObjectSerializerReadContext context)
   à System.Runtime.Serialization.XmlObjectSerializerReadContext.ReadDataContractValue(DataContract dataContract, XmlReaderDelegator reader)
   à System.Runtime.Serialization.XmlObjectSerializerReadContext.InternalDeserialize(XmlReaderDelegator reader, String name, String ns, Type declaredType, DataContract& dataContract)
   à System.Runtime.Serialization.XmlObjectSerializerReadContext.InternalDeserialize(XmlReaderDelegator xmlReader, Int32 id, RuntimeTypeHandle declaredTypeHandle, String name, String ns)
   à ReadassignationFromXml(XmlReaderDelegator , XmlObjectSerializerReadContext , XmlDictionaryString[] , XmlDictionaryString[] )
   à System.Runtime.Serialization.ClassDataContract.ReadXmlValue(XmlReaderDelegator xmlReader, XmlObjectSerializerReadContext context)
   à System.Runtime.Serialization.XmlObjectSerializerReadContext.ReadDataContractValue(DataContract dataContract, XmlReaderDelegator reader)
   à System.Runtime.Serialization.XmlObjectSerializerReadContext.InternalDeserialize(XmlReaderDelegator reader, String name, String ns, Type declaredType, DataContract& dataContract)
   à System.Runtime.Serialization.XmlObjectSerializerReadContext.InternalDeserialize(XmlReaderDelegator xmlReader, Int32 id, RuntimeTypeHandle declaredTypeHandle, String name, String ns)
   à ReadArrayOfanyTypeFromXml(XmlReaderDelegator , XmlObjectSerializerReadContext , XmlDictionaryString , XmlDictionaryString , CollectionDataContract )
   à System.Runtime.Serialization.CollectionDataContract.ReadXmlValue(XmlReaderDelegator xmlReader, XmlObjectSerializerReadContext context)
   à System.Runtime.Serialization.XmlObjectSerializerReadContext.ReadDataContractValue(DataContract dataContract, XmlReaderDelegator reader)
   à System.Runtime.Serialization.XmlObjectSerializerReadContext.InternalDeserialize(XmlReaderDelegator reader, String name, String ns, Type declaredType, DataContract& dataContract)
   à System.Runtime.Serialization.XmlObjectSerializerReadContext.InternalDeserialize(XmlReaderDelegator xmlReader, Int32 id, RuntimeTypeHandle declaredTypeHandle, String name, String ns)
   à Readcode_blockFromXml(XmlReaderDelegator , XmlObjectSerializerReadContext , XmlDictionaryString[] , XmlDictionaryString[] )
   à System.Runtime.Serialization.ClassDataContract.ReadXmlValue(XmlReaderDelegator xmlReader, XmlObjectSerializerReadContext context)
   à System.Runtime.Serialization.XmlObjectSerializerReadContext.ReadDataContractValue(DataContract dataContract, XmlReaderDelegator reader)
   à System.Runtime.Serialization.XmlObjectSerializerReadContext.InternalDeserialize(XmlReaderDelegator reader, String name, String ns, Type declaredType, DataContract& dataContract)
   à System.Runtime.Serialization.XmlObjectSerializerReadContext.InternalDeserialize(XmlReaderDelegator xmlReader, Int32 id, RuntimeTypeHandle declaredTypeHandle, String name, String ns)
   à ReadassignationFromXml(XmlReaderDelegator , XmlObjectSerializerReadContext , XmlDictionaryString[] , XmlDictionaryString[] )
   à System.Runtime.Serialization.ClassDataContract.ReadXmlValue(XmlReaderDelegator xmlReader, XmlObjectSerializerReadContext context)
   à System.Runtime.Serialization.XmlObjectSerializerReadContext.ReadDataContractValue(DataContract dataContract, XmlReaderDelegator reader)
   à System.Runtime.Serialization.XmlObjectSerializerReadContext.InternalDeserialize(XmlReaderDelegator reader, String name, String ns, Type declaredType, DataContract& dataContract)
   à System.Runtime.Serialization.XmlObjectSerializerReadContext.InternalDeserialize(XmlReaderDelegator xmlReader, Int32 id, RuntimeTypeHandle declaredTypeHandle, String name, String ns)
   à ReadArrayOfanyTypeFromXml(XmlReaderDelegator , XmlObjectSerializerReadContext , XmlDictionaryString , XmlDictionaryString , CollectionDataContract )
   à System.Runtime.Serialization.CollectionDataContract.ReadXmlValue(XmlReaderDelegator xmlReader, XmlObjectSerializerReadContext context)
   à System.Runtime.Serialization.XmlObjectSerializerReadContext.ReadDataContractValue(DataContract dataContract, XmlReaderDelegator reader)
   à System.Runtime.Serialization.XmlObjectSerializerReadContext.InternalDeserialize(XmlReaderDelegator reader, String name, String ns, Type declaredType, DataContract& dataContract)
   à System.Runtime.Serialization.XmlObjectSerializerReadContext.InternalDeserialize(XmlReaderDelegator xmlReader, Int32 id, RuntimeTypeHandle declaredTypeHandle, String name, String ns)
   à Readcode_blockFromXml(XmlReaderDelegator , XmlObjectSerializerReadContext , XmlDictionaryString[] , XmlDictionaryString[] )
   à System.Runtime.Serialization.ClassDataContract.ReadXmlValue(XmlReaderDelegator xmlReader, XmlObjectSerializerReadContext context)
   à System.Runtime.Serialization.XmlObjectSerializerReadContext.ReadDataContractValue(DataContract dataContract, XmlReaderDelegator reader)
   à System.Runtime.Serialization.XmlObjectSerializerReadContext.InternalDeserialize(XmlReaderDelegator reader, String name, String ns, Type declaredType, DataContract& dataContract)
   à System.Runtime.Serialization.XmlObjectSerializerReadContext.InternalDeserialize(XmlReaderDelegator xmlReader, Int32 id, RuntimeTypeHandle declaredTypeHandle, String name, String ns)
   à ReadassignationFromXml(XmlReaderDelegator , XmlObjectSerializerReadContext , XmlDictionaryString[] , XmlDictionaryString[] )
   à System.Runtime.Serialization.ClassDataContract.ReadXmlValue(XmlReaderDelegator xmlReader, XmlObjectSerializerReadContext context)
   à System.Runtime.Serialization.XmlObjectSerializerReadContext.ReadDataContractValue(DataContract dataContract, XmlReaderDelegator reader)
   à System.Runtime.Serialization.XmlObjectSerializerReadContext.InternalDeserialize(XmlReaderDelegator reader, String name, String ns, Type declaredType, DataContract& dataContract)
   à System.Runtime.Serialization.XmlObjectSerializerReadContext.InternalDeserialize(XmlReaderDelegator xmlReader, Int32 id, RuntimeTypeHandle declaredTypeHandle, String name, String ns)
   à ReadArrayOfanyTypeFromXml(XmlReaderDelegator , XmlObjectSerializerReadContext , XmlDictionaryString , XmlDictionaryString , CollectionDataContract )
   à System.Runtime.Serialization.CollectionDataContract.ReadXmlValue(XmlReaderDelegator xmlReader, XmlObjectSerializerReadContext context)
   à System.Runtime.Serialization.XmlObjectSerializerReadContext.ReadDataContractValue(DataContract dataContract, XmlReaderDelegator reader)
   à System.Runtime.Serialization.XmlObjectSerializerReadContext.InternalDeserialize(XmlReaderDelegator reader, String name, String ns, Type declaredType, DataContract& dataContract)
   à System.Runtime.Serialization.XmlObjectSerializerReadContext.InternalDeserialize(XmlReaderDelegator xmlReader, Int32 id, RuntimeTypeHandle declaredTypeHandle, String name, String ns)
   à Readcode_blockFromXml(XmlReaderDelegator , XmlObjectSerializerReadContext , XmlDictionaryString[] , XmlDictionaryString[] )
   à System.Runtime.Serialization.ClassDataContract.ReadXmlValue(XmlReaderDelegator xmlReader, XmlObjectSerializerReadContext context)
   à System.Runtime.Serialization.XmlObjectSerializerReadContext.ReadDataContractValue(DataContract dataContract, XmlReaderDelegator reader)
   à System.Runtime.Serialization.XmlObjectSerializerReadContext.InternalDeserialize(XmlReaderDelegator reader, String name, String ns, Type declaredType, DataContract& dataContract)
   à System.Runtime.Serialization.XmlObjectSerializerReadContext.InternalDeserialize(XmlReaderDelegator xmlReader, Int32 id, RuntimeTypeHandle declaredTypeHandle, String name, String ns)
   à ReadassignationFromXml(XmlReaderDelegator , XmlObjectSerializerReadContext , XmlDictionaryString[] , XmlDictionaryString[] )
   à System.Runtime.Serialization.ClassDataContract.ReadXmlValue(XmlReaderDelegator xmlReader, XmlObjectSerializerReadContext context)
   à System.Runtime.Serialization.XmlObjectSerializerReadContext.ReadDataContractValue(DataContract dataContract, XmlReaderDelegator reader)
   à System.Runtime.Serialization.XmlObjectSerializerReadContext.InternalDeserialize(XmlReaderDelegator reader, String name, String ns, Type declaredType, DataContract& dataContract)
   à System.Runtime.Serialization.XmlObjectSerializerReadContext.InternalDeserialize(XmlReaderDelegator xmlReader, Int32 id, RuntimeTypeHandle declaredTypeHandle, String name, String ns)
   à ReadArrayOfanyTypeFromXml(XmlReaderDelegator , XmlObjectSerializerReadContext , XmlDictionaryString , XmlDictionaryString , CollectionDataContract )
   à System.Runtime.Serialization.CollectionDataContract.ReadXmlValue(XmlReaderDelegator xmlReader, XmlObjectSerializerReadContext context)
   à System.Runtime.Serialization.XmlObjectSerializerReadContext.ReadDataContractValue(DataContract dataContract, XmlReaderDelegator reader)
   à System.Runtime.Serialization.XmlObjectSerializerReadContext.InternalDeserialize(XmlReaderDelegator reader, String name, String ns, Type declaredType, DataContract& dataContract)
   à System.Runtime.Serialization.XmlObjectSerializerReadContext.InternalDeserialize(XmlReaderDelegator xmlReader, Int32 id, RuntimeTypeHandle declaredTypeHandle, String name, String ns)
   à Readcode_blockFromXml(XmlReaderDelegator , XmlObjectSerializerReadContext , XmlDictionaryString[] , XmlDictionaryString[] )
   à System.Runtime.Serialization.ClassDataContract.ReadXmlValue(XmlReaderDelegator xmlReader, XmlObjectSerializerReadContext context)
   à System.Runtime.Serialization.XmlObjectSerializerReadContext.ReadDataContractValue(DataContract dataContract, XmlReaderDelegator reader)
   à System.Runtime.Serialization.XmlObjectSerializerReadContext.InternalDeserialize(XmlReaderDelegator reader, String name, String ns, Type declaredType, DataContract& dataContract)
   à System.Runtime.Serialization.XmlObjectSerializerReadContext.InternalDeserialize(XmlReaderDelegator xmlReader, Int32 id, RuntimeTypeHandle declaredTypeHandle, String name, String ns)
   à ReadassignationFromXml(XmlReaderDelegator , XmlObjectSerializerReadContext , XmlDictionaryString[] , XmlDictionaryString[] )
   à System.Runtime.Serialization.ClassDataContract.ReadXmlValue(XmlReaderDelegator xmlReader, XmlObjectSerializerReadContext context)
   à System.Runtime.Serialization.XmlObjectSerializerReadContext.ReadDataContractValue(DataContract dataContract, XmlReaderDelegator reader)
   à System.Runtime.Serialization.XmlObjectSerializerReadContext.InternalDeserialize(XmlReaderDelegator reader, String name, String ns, Type declaredType, DataContract& dataContract)
   à System.Runtime.Serialization.XmlObjectSerializerReadContext.InternalDeserialize(XmlReaderDelegator xmlReader, Int32 id, RuntimeTypeHandle declaredTypeHandle, String name, String ns)
   à ReadArrayOfanyTypeFromXml(XmlReaderDelegator , XmlObjectSerializerReadContext , XmlDictionaryString , XmlDictionaryString , CollectionDataContract )
   à System.Runtime.Serialization.CollectionDataContract.ReadXmlValue(XmlReaderDelegator xmlReader, XmlObjectSerializerReadContext context)
   à System.Runtime.Serialization.XmlObjectSerializerReadContext.ReadDataContractValue(DataContract dataContract, XmlReaderDelegator reader)
   à System.Runtime.Serialization.XmlObjectSerializerReadContext.InternalDeserialize(XmlReaderDelegator reader, String name, String ns, Type declaredType, DataContract& dataContract)
   à System.Runtime.Serialization.XmlObjectSerializerReadContext.InternalDeserialize(XmlReaderDelegator xmlReader, Int32 id, RuntimeTypeHandle declaredTypeHandle, String name, String ns)
   à Readscript_structFromXml(XmlReaderDelegator , XmlObjectSerializerReadContext , XmlDictionaryString[] , XmlDictionaryString[] )
   à System.Runtime.Serialization.ClassDataContract.ReadXmlValue(XmlReaderDelegator xmlReader, XmlObjectSerializerReadContext context)
   à System.Runtime.Serialization.XmlObjectSerializerReadContext.ReadDataContractValue(DataContract dataContract, XmlReaderDelegator reader)
   à System.Runtime.Serialization.XmlObjectSerializerReadContext.InternalDeserialize(XmlReaderDelegator reader, String name, String ns, Type declaredType, DataContract& dataContract)
   à System.Runtime.Serialization.XmlObjectSerializerReadContext.InternalDeserialize(XmlReaderDelegator xmlReader, Int32 id, RuntimeTypeHandle declaredTypeHandle, String name, String ns)
   à ReadfocusFromXml(XmlReaderDelegator , XmlObjectSerializerReadContext , XmlDictionaryString[] , XmlDictionaryString[] )
   à System.Runtime.Serialization.ClassDataContract.ReadXmlValue(XmlReaderDelegator xmlReader, XmlObjectSerializerReadContext context)
   à System.Runtime.Serialization.XmlObjectSerializerReadContext.ReadDataContractValue(DataContract dataContract, XmlReaderDelegator reader)
   à System.Runtime.Serialization.XmlObjectSerializerReadContext.InternalDeserialize(XmlReaderDelegator reader, String name, String ns, Type declaredType, DataContract& dataContract)
   à System.Runtime.Serialization.XmlObjectSerializerReadContext.InternalDeserialize(XmlReaderDelegator xmlReader, Int32 id, RuntimeTypeHandle declaredTypeHandle, String name, String ns)
   à ReadArrayOffocusFromXml(XmlReaderDelegator , XmlObjectSerializerReadContext , XmlDictionaryString , XmlDictionaryString , CollectionDataContract )
   à System.Runtime.Serialization.CollectionDataContract.ReadXmlValue(XmlReaderDelegator xmlReader, XmlObjectSerializerReadContext context)
   à System.Runtime.Serialization.XmlObjectSerializerReadContext.ReadDataContractValue(DataContract dataContract, XmlReaderDelegator reader)
   à System.Runtime.Serialization.XmlObjectSerializerReadContext.InternalDeserialize(XmlReaderDelegator reader, String name, String ns, Type declaredType, DataContract& dataContract)
   à System.Runtime.Serialization.XmlObjectSerializerReadContext.InternalDeserialize(XmlReaderDelegator xmlReader, Int32 id, RuntimeTypeHandle declaredTypeHandle, String name, String ns)
   à ReadprerequisiteFromXml(XmlReaderDelegator , XmlObjectSerializerReadContext , XmlDictionaryString[] , XmlDictionaryString[] )
   à System.Runtime.Serialization.ClassDataContract.ReadXmlValue(XmlReaderDelegator xmlReader, XmlObjectSerializerReadContext context)
   à System.Runtime.Serialization.XmlObjectSerializerReadContext.ReadDataContractValue(DataContract dataContract, XmlReaderDelegator reader)
   à System.Runtime.Serialization.XmlObjectSerializerReadContext.InternalDeserialize(XmlReaderDelegator reader, String name, String ns, Type declaredType, DataContract& dataContract)
   à System.Runtime.Serialization.XmlObjectSerializerReadContext.InternalDeserialize(XmlReaderDelegator xmlReader, Int32 id, RuntimeTypeHandle declaredTypeHandle, String name, String ns)
   à ReadArrayOfprerequisiteFromXml(XmlReaderDelegator , XmlObjectSerializerReadContext , XmlDictionaryString , XmlDictionaryString , CollectionDataContract )
   à System.Runtime.Serialization.CollectionDataContract.ReadXmlValue(XmlReaderDelegator xmlReader, XmlObjectSerializerReadContext context)
   à System.Runtime.Serialization.XmlObjectSerializerReadContext.ReadDataContractValue(DataContract dataContract, XmlReaderDelegator reader)
   à System.Runtime.Serialization.XmlObjectSerializerReadContext.InternalDeserialize(XmlReaderDelegator reader, String name, String ns, Type declaredType, DataContract& dataContract)
   à System.Runtime.Serialization.XmlObjectSerializerReadContext.InternalDeserialize(XmlReaderDelegator xmlReader, Int32 id, RuntimeTypeHandle declaredTypeHandle, String name, String ns)
   à ReadfocusFromXml(XmlReaderDelegator , XmlObjectSerializerReadContext , XmlDictionaryString[] , XmlDictionaryString[] )
   à System.Runtime.Serialization.ClassDataContract.ReadXmlValue(XmlReaderDelegator xmlReader, XmlObjectSerializerReadContext context)
   à System.Runtime.Serialization.XmlObjectSerializerReadContext.ReadDataContractValue(DataContract dataContract, XmlReaderDelegator reader)
   à System.Runtime.Serialization.XmlObjectSerializerReadContext.InternalDeserialize(XmlReaderDelegator reader, String name, String ns, Type declaredType, DataContract& dataContract)
   à System.Runtime.Serialization.XmlObjectSerializerReadContext.InternalDeserialize(XmlReaderDelegator xmlReader, Int32 id, RuntimeTypeHandle declaredTypeHandle, String name, String ns)
   à ReadArrayOffocusFromXml(XmlReaderDelegator , XmlObjectSerializerReadContext , XmlDictionaryString , XmlDictionaryString , CollectionDataContract )
   à System.Runtime.Serialization.CollectionDataContract.ReadXmlValue(XmlReaderDelegator xmlReader, XmlObjectSerializerReadContext context)
   à System.Runtime.Serialization.XmlObjectSerializerReadContext.ReadDataContractValue(DataContract dataContract, XmlReaderDelegator reader)
   à System.Runtime.Serialization.XmlObjectSerializerReadContext.InternalDeserialize(XmlReaderDelegator reader, String name, String ns, Type declaredType, DataContract& dataContract)
   à System.Runtime.Serialization.XmlObjectSerializerReadContext.InternalDeserialize(XmlReaderDelegator xmlReader, Int32 id, RuntimeTypeHandle declaredTypeHandle, String name, String ns)
   à ReadprerequisiteFromXml(XmlReaderDelegator , XmlObjectSerializerReadContext , XmlDictionaryString[] , XmlDictionaryString[] )
   à System.Runtime.Serialization.ClassDataContract.ReadXmlValue(XmlReaderDelegator xmlReader, XmlObjectSerializerReadContext context)
   à System.Runtime.Serialization.XmlObjectSerializerReadContext.ReadDataContractValue(DataContract dataContract, XmlReaderDelegator reader)
   à System.Runtime.Serialization.XmlObjectSerializerReadContext.InternalDeserialize(XmlReaderDelegator reader, String name, String ns, Type declaredType, DataContract& dataContract)
   à System.Runtime.Serialization.XmlObjectSerializerReadContext.InternalDeserialize(XmlReaderDelegator xmlReader, Int32 id, RuntimeTypeHandle declaredTypeHandle, String name, String ns)
   à ReadArrayOfprerequisiteFromXml(XmlReaderDelegator , XmlObjectSerializerReadContext , XmlDictionaryString , XmlDictionaryString , CollectionDataContract )
   à System.Runtime.Serialization.CollectionDataContract.ReadXmlValue(XmlReaderDelegator xmlReader, XmlObjectSerializerReadContext context)
   à System.Runtime.Serialization.XmlObjectSerializerReadContext.ReadDataContractValue(DataContract dataContract, XmlReaderDelegator reader)
   à System.Runtime.Serialization.XmlObjectSerializerReadContext.InternalDeserialize(XmlReaderDelegator reader, String name, String ns, Type declaredType, DataContract& dataContract)
   à System.Runtime.Serialization.XmlObjectSerializerReadContext.InternalDeserialize(XmlReaderDelegator xmlReader, Int32 id, RuntimeTypeHandle declaredTypeHandle, String name, String ns)
   à ReadfocusFromXml(XmlReaderDelegator , XmlObjectSerializerReadContext , XmlDictionaryString[] , XmlDictionaryString[] )
   à System.Runtime.Serialization.ClassDataContract.ReadXmlValue(XmlReaderDelegator xmlReader, XmlObjectSerializerReadContext context)
   à System.Runtime.Serialization.XmlObjectSerializerReadContext.ReadDataContractValue(DataContract dataContract, XmlReaderDelegator reader)
   à System.Runtime.Serialization.XmlObjectSerializerReadContext.InternalDeserialize(XmlReaderDelegator reader, String name, String ns, Type declaredType, DataContract& dataContract)
   à System.Runtime.Serialization.XmlObjectSerializerReadContext.InternalDeserialize(XmlReaderDelegator xmlReader, Int32 id, RuntimeTypeHandle declaredTypeHandle, String name, String ns)
   à ReadArrayOffocusFromXml(XmlReaderDelegator , XmlObjectSerializerReadContext , XmlDictionaryString , XmlDictionaryString , CollectionDataContract )
   à System.Runtime.Serialization.CollectionDataContract.ReadXmlValue(XmlReaderDelegator xmlReader, XmlObjectSerializerReadContext context)
   à System.Runtime.Serialization.XmlObjectSerializerReadContext.ReadDataContractValue(DataContract dataContract, XmlReaderDelegator reader)
   à System.Runtime.Serialization.XmlObjectSerializerReadContext.InternalDeserialize(XmlReaderDelegator reader, String name, String ns, Type declaredType, DataContract& dataContract)
   à System.Runtime.Serialization.XmlObjectSerializerReadContext.InternalDeserialize(XmlReaderDelegator xmlReader, Int32 id, RuntimeTypeHandle declaredTypeHandle, String name, String ns)
   à Readfoci_containerFromXml(XmlReaderDelegator , XmlObjectSerializerReadContext , XmlDictionaryString[] , XmlDictionaryString[] )
   à System.Runtime.Serialization.ClassDataContract.ReadXmlValue(XmlReaderDelegator xmlReader, XmlObjectSerializerReadContext context)
   à System.Runtime.Serialization.XmlObjectSerializerReadContext.ReadDataContractValue(DataContract dataContract, XmlReaderDelegator reader)
   à System.Runtime.Serialization.XmlObjectSerializerReadContext.InternalDeserialize(XmlReaderDelegator reader, String name, String ns, Type declaredType, DataContract& dataContract)
   à System.Runtime.Serialization.XmlObjectSerializerReadContext.InternalDeserialize(XmlReaderDelegator xmlReader, Int32 id, RuntimeTypeHandle declaredTypeHandle, String name, String ns)
   à ReadArrayOffoci_containerFromXml(XmlReaderDelegator , XmlObjectSerializerReadContext , XmlDictionaryString , XmlDictionaryString , CollectionDataContract )
   à System.Runtime.Serialization.CollectionDataContract.ReadXmlValue(XmlReaderDelegator xmlReader, XmlObjectSerializerReadContext context)
   à System.Runtime.Serialization.XmlObjectSerializerReadContext.ReadDataContractValue(DataContract dataContract, XmlReaderDelegator reader)
   à System.Runtime.Serialization.XmlObjectSerializerReadContext.InternalDeserialize(XmlReaderDelegator reader, String name, String ns, Type declaredType, DataContract& dataContract)
   à System.Runtime.Serialization.XmlObjectSerializerReadContext.InternalDeserialize(XmlReaderDelegator xmlReader, Int32 id, RuntimeTypeHandle declaredTypeHandle, String name, String ns)
   à ReadprojectFromXml(XmlReaderDelegator , XmlObjectSerializerReadContext , XmlDictionaryString[] , XmlDictionaryString[] )
   à System.Runtime.Serialization.ClassDataContract.ReadXmlValue(XmlReaderDelegator xmlReader, XmlObjectSerializerReadContext context)
   à System.Runtime.Serialization.XmlObjectSerializerReadContext.ReadDataContractValue(DataContract dataContract, XmlReaderDelegator reader)
   à System.Runtime.Serialization.XmlObjectSerializerReadContext.InternalDeserialize(XmlReaderDelegator reader, String name, String ns, Type declaredType, DataContract& dataContract)
   à System.Runtime.Serialization.XmlObjectSerializerReadContext.InternalDeserialize(XmlReaderDelegator xmlReader, Type declaredType, DataContract dataContract, String name, String ns)
   à System.Runtime.Serialization.DataContractSerializer.InternalReadObject(XmlReaderDelegator xmlReader, Boolean verifyObjectName, DataContractResolver dataContractResolver)
   à System.Runtime.Serialization.XmlObjectSerializer.ReadObjectHandleExceptions(XmlReaderDelegator reader, Boolean verifyObjectName, DataContractResolver dataContractResolver)
   --- Fin de la trace de la pile d'exception interne ---
   à System.Runtime.Serialization.XmlObjectSerializer.ReadObjectHandleExceptions(XmlReaderDelegator reader, Boolean verifyObjectName, DataContractResolver dataContractResolver)
System.InvalidOperationException: Le quota 'MaxDepth' est en lecture seule.
   à System.Xml.XmlDictionaryReaderQuotas.set_MaxDepth(Int32 value)
System.InvalidOperationException: La séquence contient plusieurs éléments correspondants.
   à System.Linq.Enumerable.SingleOrDefault[TSource](IEnumerable`1 source, Func`2 predicate)
System.Reflection.TargetInvocationException: Une exception a été levée par la cible d'un appel. ---> System.InvalidOperationException: La séquence contient plusieurs éléments correspondants.
   à System.Linq.Enumerable.SingleOrDefault[TSource](IEnumerable`1 source, Func`2 predicate)
   à FocusTreeManager.ViewModel.ProjectViewViewModel.OpenFocusTree(Guid param) dans D:\Projets\FocusTreeManager\FocusTreeAndEventManager\FocusTreeManager\ViewModel\ProjectViewViewModel.cs:ligne 205
   --- Fin de la trace de la pile d'exception interne ---
   à System.RuntimeMethodHandle.InvokeMethod(Object target, Object[] arguments, Signature sig, Boolean constructor)
   à System.Reflection.RuntimeMethodInfo.UnsafeInvokeInternal(Object obj, Object[] parameters, Object[] arguments)
System.NullReferenceException: La référence d'objet n'est pas définie à une instance d'un objet.
   à FocusTreeManager.Views.Focus.DetectPositionPoints() dans D:\Projets\FocusTreeManager\FocusTreeAndEventManager\FocusTreeManager\Views\UserControls\Focus.xaml.cs:ligne 83
System.Runtime.Serialization.SerializationException: L'objet désérialisé avec l'ID de référence '5648' est introuvable dans le flux.
   à System.Runtime.Serialization.XmlObjectSerializerReadContext.GetExistingObject(String id, Type type, String name, String ns)
System.NullReferenceException: La référence d'objet n'est pas définie à une instance d'un objet.
   à FocusTreeManager.Views.Focus.DetectPositionPoints() dans D:\Projets\FocusTreeManager\FocusTreeAndEventManager\FocusTreeManager\Views\UserControls\Focus.xaml.cs:ligne 83
System.NullReferenceException: La référence d'objet n'est pas définie à une instance d'un objet.
   à FocusTreeManager.Views.Focus.DetectPositionPoints() dans D:\Projets\FocusTreeManager\FocusTreeAndEventManager\FocusTreeManager\Views\UserControls\Focus.xaml.cs:ligne 83
System.NullReferenceException: La référence d'objet n'est pas définie à une instance d'un objet.
   à FocusTreeManager.Views.Focus.DetectPositionPoints() dans D:\Projets\FocusTreeManager\FocusTreeAndEventManager\FocusTreeManager\Views\UserControls\Focus.xaml.cs:ligne 83
System.NullReferenceException: La référence d'objet n'est pas définie à une instance d'un objet.
   à FocusTreeManager.Views.Focus.DetectPositionPoints() dans D:\Projets\FocusTreeManager\FocusTreeAndEventManager\FocusTreeManager\Views\UserControls\Focus.xaml.cs:ligne 83
System.NotSupportedException: Conversion de TypeConverter impossible à partir de FocusTreeManager.Model.EventModel.
   à System.ComponentModel.TypeConverter.GetConvertFromException(Object value)
System.NotSupportedException: Conversion de TypeConverter impossible à partir de FocusTreeManager.Model.EventModel.
   à MS.Internal.Data.DefaultValueConverter.ConvertHelper(Object o, Type destinationType, DependencyObject targetElement, CultureInfo culture, Boolean isForward)
System.NotSupportedException: Conversion de TypeConverter impossible à partir de FocusTreeManager.Model.EventModel.
   à System.ComponentModel.TypeConverter.GetConvertFromException(Object value)
System.NotSupportedException: Conversion de TypeConverter impossible à partir de FocusTreeManager.Model.EventModel.
   à MS.Internal.Data.DefaultValueConverter.ConvertHelper(Object o, Type destinationType, DependencyObject targetElement, CultureInfo culture, Boolean isForward)
